Removed Pin From Net: NetName=3V3 Pin=C20-1
Removed Pin From Net: NetName=GND Pin=C20-2
Removed Pin From Net: NetName=GND Pin=SW?-1
Removed Pin From Net: NetName=GND Pin=SW?-2
Removed Pin From Net: NetName=SW_NRST Pin=SW?-3
Removed Pin From Net: NetName=SW_NRST Pin=SW?-4
Removed Member From Class: ClassName=Sheet2 Member=SW?
Change Component Footprint: Designator=C20 Old Footprint=FP-C1608-080-0_1-MFG New Footprint=RESC0402
Change Component Comment : Designator=C20 Old Comment=10uF New Comment=0.1uF
Change Component Designator: OldDesignator=R? NewDesignator=R6
Change Component Designator: OldDesignator=R^ NewDesignator=R17
Change Managed Component Library Link : Designator=C20 Old VaultGUID=B7D15EC3-160A-466F-A46C-7801FE6295A7 New VaultGUID= Old ItemGUID=34833BB1-BB92-4981-851C-45053F04873E New ItemGUID= Old RevisionGUID=CCFBE392-2D58-47F4-BFD6-D709D6E0C758 New RevisionGUID=
Change component parameters: Designator = "C20" ("C20"); Footprint = "FP-C1608-080-0_1-MFG"; UniqueID = "\KZERKMRH" ("\KZERKMRH")
Added Component: Designator=C26(RESC0402)
Added Component: Designator=SW1(TE FSMSMTR)
Add component (AddParameter): Name = "Actuator Height off PCB, Vertical"; Value = "4.57mm"; VariantName = "[No Variations]"
Add component (AddParameter): Name = "Actuator Orientation"; Value = "Top Actuated"; VariantName = "[No Variations]"
Add component (AddParameter): Name = "Actuator Type"; Value = "Standard"; VariantName = "[No Variations]"
Add component (AddParameter): Name = "Circuit"; Value = "SPST-NO"; VariantName = "[No Variations]"
Add component (AddParameter): Name = "ComponentLink1Description"; Value = "Datasheet"; VariantName = "[No Variations]"
Add component (AddParameter): Name = "ComponentLink1URL"; Value = "https://www.te.com/commerce/DocumentDelivery/DDEController?Action=srchrtrv&DocNm=1437566-3&DocType=Customer+Drawing&DocLang=English"; VariantName = "[No Variations]"
Add component (AddParameter): Name = "ComponentLink2Description"; Value = "DigiKey Link"; VariantName = "[No Variations]"
Add component (AddParameter): Name = "ComponentLink2URL"; Value = "https://www.digikey.com/en/products/detail/te-connectivity-alcoswitch-switches/FSMSM/525812"; VariantName = "[No Variations]"
Add component (AddParameter): Name = "Contact Rating @ Voltage"; Value = "0.05A @ 24VDC"; VariantName = "[No Variations]"
Add component (AddParameter): Name = "Illumination"; Value = "Non-Illuminated"; VariantName = "[No Variations]"
Add component (AddParameter): Name = "LastUpdated"; Value = "3/28/2022 5:54:43 AM"; VariantName = "[No Variations]"
Add component (AddParameter): Name = "Lifecycle Status"; Value = "Active"; VariantName = "[No Variations]"
Add component (AddParameter): Name = "Manufacturer"; Value = "TE Connectivity ALCOSWITCH Switches"; VariantName = "[No Variations]"
Add component (AddParameter): Name = "Minimum Order"; Value = "1"; VariantName = "[No Variations]"
Add component (AddParameter): Name = "Mounting Type"; Value = "Surface Mount"; VariantName = "[No Variations]"
Add component (AddParameter): Name = "Operating Force"; Value = "180gf"; VariantName = "[No Variations]"
Add component (AddParameter): Name = "Operating Temperature"; Value = "-35°C ~ 85°C"; VariantName = "[No Variations]"
Add component (AddParameter): Name = "Outline"; Value = "6.00mm x 3.50mm"; VariantName = "[No Variations]"
Add component (AddParameter): Name = "Packaging"; Value = "Bulk"; VariantName = "[No Variations]"
Add component (AddParameter): Name = "Part Number"; Value = "FSMSM"; VariantName = "[No Variations]"
Add component (AddParameter): Name = "Part Status"; Value = "Active"; VariantName = "[No Variations]"
Add component (AddParameter): Name = "Price"; Value = "0.17"; VariantName = "[No Variations]"
Add component (AddParameter): Name = "Series"; Value = "FSMSM"; VariantName = "[No Variations]"
Add component (AddParameter): Name = "Supplier 1"; Value = "DigiKey"; VariantName = "[No Variations]"
Add component (AddParameter): Name = "Supplier Part Number 1"; Value = "450-1140-ND"; VariantName = "[No Variations]"
Add component (AddParameter): Name = "Switch Function"; Value = "Off-Mom"; VariantName = "[No Variations]"
Add component (AddParameter): Name = "Termination Style"; Value = "Gull Wing"; VariantName = "[No Variations]"
Added Pin To Net: NetName=GND Pin=C20-1
Added Pin To Net: NetName=3V3 Pin=C20-2
Added Pin To Net: NetName=GND Pin=C26-1
Added Pin To Net: NetName=3V3 Pin=C26-2
Added Pin To Net: NetName=GND Pin=SW1-1
Added Pin To Net: NetName=SW_NRST Pin=SW1-2
Added Pin To Net: NetName=G_Ctrl1 Pin=U4-19
Added Pin To Net: NetName=G_Ctrl2 Pin=U4-20
Added Pin To Net: NetName=CAPC_PG Pin=U4-58
Change Net Name : Old Net Name=NetR^_2 New Net Name=NetR17_2
Added Member To Class: ClassName=Sheet2 Member=Component C26 0.1uF
Added Member To Class: ClassName=Sheet2 Member=Component SW1 FSMSM
