Removed Pin From Net: NetName=3V3 Pin=C26-2
Removed Pin From Net: NetName=SNS_BAT Pin=U4-11
Removed Pin From Net: NetName=G_Ctrl1 Pin=U4-20
Removed Pin From Net: NetName=CAPC_EN Pin=U4-21
Change Component Footprint: Designator=U2 Old Footprint=8-DFN New Footprint=CurrentLimiter
Change Component Comment : Designator=C20 Old Comment=0.1uF New Comment=10 uF
Change Component Comment : Designator=C26 Old Comment=0.1uF New Comment=10 uF
Added Component: Designator=D10(DIODE)
Add component (AddParameter): Name = "Applications"; Value = "General Purpose"; VariantName = "[No Variations]"
Add component (AddParameter): Name = "Bidirectional Channels"; Value = "1"; VariantName = "[No Variations]"
Add component (AddParameter): Name = "Capacitance @ Frequency"; Value = "2.9pF @ 1MHz"; VariantName = "[No Variations]"
Add component (AddParameter): Name = "ComponentLink1Description"; Value = "Datasheet"; VariantName = "[No Variations]"
Add component (AddParameter): Name = "ComponentLink1URL"; Value = "https://www.diodes.com/assets/Datasheets/DESD5V0U1BA.pdf"; VariantName = "[No Variations]"
Add component (AddParameter): Name = "ComponentLink2Description"; Value = "DigiKey Link"; VariantName = "[No Variations]"
Add component (AddParameter): Name = "ComponentLink2URL"; Value = "http://digikey.com/product-detail/en/diodes-incorporated/DESD5V0U1BA-7/DESD5V0U1BA-7DICT-ND/5371911"; VariantName = "[No Variations]"
Add component (AddParameter): Name = "Current - Peak Pulse (10/1000µs)"; Value = "3A (8/20µs)"; VariantName = "[No Variations]"
Add component (AddParameter): Name = "LastUpdated"; Value = "9/2/2020 1:28:29 AM"; VariantName = "[No Variations]"
Add component (AddParameter): Name = "Lifecycle Status"; Value = "Active"; VariantName = "[No Variations]"
Add component (AddParameter): Name = "Manufacturer"; Value = "Diodes Incorporated"; VariantName = "[No Variations]"
Add component (AddParameter): Name = "Minimum Order"; Value = "1"; VariantName = "[No Variations]"
Add component (AddParameter): Name = "Mounting Type"; Value = "Surface Mount"; VariantName = "[No Variations]"
Add component (AddParameter): Name = "Operating Temperature"; Value = "-65°C ~ 150°C (TJ)"; VariantName = "[No Variations]"
Add component (AddParameter): Name = "Package / Case"; Value = "SC-76, SOD-323"; VariantName = "[No Variations]"
Add component (AddParameter): Name = "Packaging"; Value = "TapeAndReel"; VariantName = "[No Variations]"
Add component (AddParameter): Name = "Part Number"; Value = "DESD5V0U1BA-7"; VariantName = "[No Variations]"
Add component (AddParameter): Name = "Part Status"; Value = "Active"; VariantName = "[No Variations]"
Add component (AddParameter): Name = "PartId"; Value = "9987"; VariantName = "[No Variations]"
Add component (AddParameter): Name = "Power Line Protection"; Value = "No"; VariantName = "[No Variations]"
Add component (AddParameter): Name = "Price"; Value = "0.05"; VariantName = "[No Variations]"
Add component (AddParameter): Name = "Series"; Value = "-"; VariantName = "[No Variations]"
Add component (AddParameter): Name = "Supplier 1"; Value = "DigiKey"; VariantName = "[No Variations]"
Add component (AddParameter): Name = "Supplier Device Package"; Value = "SOD-323"; VariantName = "[No Variations]"
Add component (AddParameter): Name = "Supplier Part Number 1"; Value = "DESD5V0U1BA-7DICT-ND"; VariantName = "[No Variations]"
Add component (AddParameter): Name = "Type"; Value = "Zener"; VariantName = "[No Variations]"
Add component (AddParameter): Name = "Voltage - Breakdown (Min)"; Value = "5.5V"; VariantName = "[No Variations]"
Add component (AddParameter): Name = "Voltage - Clamping (Max) @ Ipp"; Value = "7.2V (Typ)"; VariantName = "[No Variations]"
Add component (AddParameter): Name = "Voltage - Reverse Standoff (Typ)"; Value = "5V (Max)"; VariantName = "[No Variations]"
Added Component: Designator=TP9(testpoint)
Added Component: Designator=TP10(testpoint)
Added Pin To Net: NetName=VUSB Pin=C26-2
Added Pin To Net: NetName=GND Pin=D10-1
Added Pin To Net: NetName=VUSB Pin=D10-2
Added Pin To Net: NetName=CAPC_EN Pin=U4-11
Added Pin To Net: NetName=SNS_BAT Pin=U4-13
Added Pin To Net: NetName=G_Ctrl1 Pin=U4-21
Added Member To Class: ClassName=Sensor Member=Component D10 DESD5V0U1BA-7
Added Member To Class: ClassName=Supercap Member=Component TP9 Test Point
Added Member To Class: ClassName=Supercap Member=Component TP10 Test Point
Added Room: Name=Sensor
Added Room: Name=Supercap
