Removed Pin From Net: NetName=GND Pin=C10-1
Removed Pin From Net: NetName=GND Pin=C11-1
Removed Pin From Net: NetName=CAP Pin=D1-2
Removed Pin From Net: NetName=NetD2_1 Pin=D2-1
Removed Pin From Net: NetName=V_CAP Pin=D2-2
Removed Pin From Net: NetName=GND Pin=D3-1
Removed Pin From Net: NetName=NetC3_2 Pin=D3-2
Removed Pin From Net: NetName=V_CAP Pin=R2-1
Removed Pin From Net: NetName=GND Pin=R6-1
Removed Pin From Net: NetName=GND Pin=R7-1
Removed Pin From Net: NetName=GND Pin=U2-2
Removed Pin From Net: NetName=V_CAP Pin=U2-7
Removed Pin From Net: NetName=V_CAP Pin=U2-8
Removed Member From Class: ClassName=Sheet1 Member=C10
Removed Member From Class: ClassName=Sheet1 Member=C11
Removed Member From Class: ClassName=Sheet1 Member=D4
Removed Member From Class: ClassName=Sheet1 Member=Q1
Removed Member From Class: ClassName=Sheet1 Member=R3
Removed Member From Class: ClassName=Sheet1 Member=R6
Removed Member From Class: ClassName=Sheet1 Member=R7
Change Component Footprint: Designator=D1 Old Footprint=RBR3MM60ATFTR New Footprint=PD3S230L-7
Change Component Footprint: Designator=D2 Old Footprint=RBR3MM60ATFTR New Footprint=PD3S230L-7
Change Component Footprint: Designator=D3 Old Footprint=RBR3MM60ATFTR New Footprint=PD3S230L-7
Change Component Footprint: Designator=R2 Old Footprint=RESC2012X05N New Footprint=CAPC1508X03N
Change Component Footprint: Designator=U2 Old Footprint=TSOT23-8 New Footprint=8-DFN
Change Component Comment : Designator=R2 Old Comment=0.1 Ohm New Comment=301kOhm
Change Component Comment : Designator=C9 Old Comment=0.47uF New Comment=0.22uF
Change Component Comment : Designator=C8 Old Comment=22uF New Comment=0.22uF
Change Component Comment : Designator=U2 Old Comment=ADM1170-1AUJZ-RL7 New Comment=MAX14575CETA+T
Change Component Comment : Designator=D1 Old Comment=RBR3MM60ATFTR New Comment=PD3S230L-7
Change Component Comment : Designator=D2 Old Comment=RBR3MM60ATFTR New Comment=PD3S230L-7
Change Component Comment : Designator=D3 Old Comment=RBR3MM60ATFTR New Comment=PD3S230L-7
Change component parameters: Designator = "D1" ("D1"); Footprint = "RBR3MM60ATFTR"; UniqueID = "\ZSZIHHOQ" ("\ZSZIHHOQ")
Change component parameters (AddParameter): Name = "ComponentLink1Description"; Value = "New link"; VariantName = "[No Variations]"
Change component parameters (AddParameter): Name = "ComponentLink1URL"; Value = "https://www.digikey.com/en/products/detail/diodes-incorporated/PD3S230L-7/2075439"; VariantName = "[No Variations]"
Change component parameters: Designator = "D2" ("D2"); Footprint = "RBR3MM60ATFTR"; UniqueID = "\XLVRYLRZ" ("\XLVRYLRZ")
Change component parameters (AddParameter): Name = "ComponentLink1Description"; Value = "New link"; VariantName = "[No Variations]"
Change component parameters (AddParameter): Name = "ComponentLink1URL"; Value = "https://www.digikey.com/en/products/detail/diodes-incorporated/PD3S230L-7/2075439"; VariantName = "[No Variations]"
Change component parameters: Designator = "D3" ("D3"); Footprint = "RBR3MM60ATFTR"; UniqueID = "\MUKJXXKF" ("\MUKJXXKF")
Change component parameters (AddParameter): Name = "ComponentLink1Description"; Value = "New link"; VariantName = "[No Variations]"
Change component parameters (AddParameter): Name = "ComponentLink1URL"; Value = "https://www.digikey.com/en/products/detail/diodes-incorporated/PD3S230L-7/2075439"; VariantName = "[No Variations]"
Change component parameters: Designator = "U2" ("U2"); Footprint = "TSOT23-8"; UniqueID = "\FDBPFRIL" ("\FDBPFRIL")
Change component parameters (AddParameter): Name = "ComponentLink1Description"; Value = "New link"; VariantName = "[No Variations]"
Change component parameters (AddParameter): Name = "ComponentLink1URL"; Value = "https://www.digikey.com/en/products/detail/analog-devices-inc-maxim-integrated/MAX14575CETA-T/3877475"; VariantName = "[No Variations]"
Added Pin To Net: NetName=V_CAP Pin=C9-2
Added Pin To Net: NetName=V_CAP Pin=D1-1
Added Pin To Net: NetName=NetD2_1 Pin=D1-2
Added Pin To Net: NetName=CAP Pin=D2-1
Added Pin To Net: NetName=NetC3_2 Pin=D3-1
Added Pin To Net: NetName=GND Pin=D3-2
Added Pin To Net: NetName=GND Pin=R2-1
Added Pin To Net: NetName=V_CAP Pin=U2-5
Added Pin To Net: NetName=V_CAP Pin=U2-6
Added Pin To Net: NetName=GND Pin=U2-8
Added Pin To Net: NetName=GND Pin=U2-9
Change Net Name : Old Net Name=NetC15_2 New Net Name=Gate2
Change Net Name : Old Net Name=NetC16_2 New Net Name=Gate1
Change Net Name : Old Net Name=NetD2_1 New Net Name=NetD1_2
Change Net Name : Old Net Name=NetR21_1 New Net Name=SNS_VCAP
Change Net Name : Old Net Name=NetTP1_1 New Net Name=CAPC_PG
Change Net Name : Old Net Name=NetU3_1 New Net Name=G_Ctrl1
Change Net Name : Old Net Name=NetU3_3 New Net Name=G_Ctrl2
Added Pin To Net: NetName=CHARGE_EN Pin=C8-2
Added Pin To Net: NetName=CHARGE_EN Pin=U2-7
Added Net: Name=CHARGE_EN
Added Pin To Net: NetName=CHARGE_FI Pin=U2-1
Added Net: Name=CHARGE_FI
Added Pin To Net: NetName=NetD2_2 Pin=D2-2
Added Pin To Net: NetName=NetD2_2 Pin=U2-3
Added Pin To Net: NetName=NetD2_2 Pin=U2-4
Added Net: Name=NetD2_2
Added Pin To Net: NetName=NetR2_2 Pin=R2-2
Added Pin To Net: NetName=NetR2_2 Pin=U2-2
Added Net: Name=NetR2_2
