Added Pin To Net: NetName=3V3 Pin=C11-2
Added Pin To Net: NetName=3V3 Pin=C19-2
Added Pin To Net: NetName=3V3 Pin=C20-2
Added Pin To Net: NetName=3V3 Pin=C22-2
Added Pin To Net: NetName=3V3 Pin=C23-2
Added Pin To Net: NetName=3V3 Pin=C24-2
Added Pin To Net: NetName=3V3 Pin=C26-2
Added Pin To Net: NetName=3V3 Pin=D8-2
Added Pin To Net: NetName=3V3 Pin=J2-1
Added Pin To Net: NetName=3V3 Pin=R7-2
Added Pin To Net: NetName=3V3 Pin=R11-2
Added Pin To Net: NetName=3V3 Pin=R12-2
Added Pin To Net: NetName=3V3 Pin=R16-2
Added Pin To Net: NetName=3V3 Pin=TP7-1
Added Pin To Net: NetName=3V3 Pin=U4-28
Added Pin To Net: NetName=3V3 Pin=U4-30
Added Pin To Net: NetName=3V3 Pin=U5-8
Added Pin To Net: NetName=3V3 Pin=U6-1
Added Pin To Net: NetName=3V3 Pin=U6-4
Added Pin To Net: NetName=3V3 Pin=U6-5
Added Pin To Net: NetName=3V3 Pin=U6-16
Added Pin To Net: NetName=3V3 Pin=U7-1
Added Pin To Net: NetName=3V3 Pin=U7-2
Added Pin To Net: NetName=3V3 Pin=U7-4
Added Pin To Net: NetName=3V3 Pin=U8-4
Added Net: Name=3V3
Added Pin To Net: NetName=CAPC_EN Pin=C27-1
Added Pin To Net: NetName=CAPC_EN Pin=TP4-1
Added Pin To Net: NetName=CAPC_EN Pin=U1-8
Added Pin To Net: NetName=CAPC_EN Pin=U4-21
Added Net: Name=CAPC_EN
Added Pin To Net: NetName=CAP Pin=D2-1
Added Pin To Net: NetName=CAP Pin=J4-1
Added Pin To Net: NetName=CAP Pin=J5-1
Added Pin To Net: NetName=CAP Pin=R21-2
Added Pin To Net: NetName=CAP Pin=TP3-1
Added Net: Name=CAP
Added Pin To Net: NetName=CHARGE_EN Pin=C8-2
Added Pin To Net: NetName=CHARGE_EN Pin=U2-7
Added Pin To Net: NetName=CHARGE_EN Pin=U4-57
Added Net: Name=CHARGE_EN
Added Pin To Net: NetName=CHARGE_FI Pin=U2-1
Added Pin To Net: NetName=CHARGE_FI Pin=U4-36
Added Net: Name=CHARGE_FI
Added Pin To Net: NetName=CS0 Pin=U4-38
Added Pin To Net: NetName=CS0 Pin=U5-1
Added Net: Name=CS0
Added Pin To Net: NetName=G_Ctrl1 Pin=U3-1
Added Pin To Net: NetName=G_Ctrl1 Pin=U4-20
Added Net: Name=G_Ctrl1
Added Pin To Net: NetName=G_Ctrl2 Pin=U3-3
Added Pin To Net: NetName=G_Ctrl2 Pin=U4-22
Added Net: Name=G_Ctrl2
Added Pin To Net: NetName=Gate1 Pin=C16-2
Added Pin To Net: NetName=Gate1 Pin=J4-5
Added Pin To Net: NetName=Gate1 Pin=TP6-1
Added Pin To Net: NetName=Gate1 Pin=U3-5
Added Net: Name=Gate1
Added Pin To Net: NetName=Gate2 Pin=C15-2
Added Pin To Net: NetName=Gate2 Pin=J4-3
Added Pin To Net: NetName=Gate2 Pin=TP5-1
Added Pin To Net: NetName=Gate2 Pin=U3-4
Added Net: Name=Gate2
Added Pin To Net: NetName=GND Pin=C1--
Added Pin To Net: NetName=GND Pin=C2-1
Added Pin To Net: NetName=GND Pin=C4--
Added Pin To Net: NetName=GND Pin=C5-1
Added Pin To Net: NetName=GND Pin=C6-1
Added Pin To Net: NetName=GND Pin=C7-1
Added Pin To Net: NetName=GND Pin=C8-1
Added Pin To Net: NetName=GND Pin=C9-1
Added Pin To Net: NetName=GND Pin=C10-1
Added Pin To Net: NetName=GND Pin=C11-1
Added Pin To Net: NetName=GND Pin=C14-1
Added Pin To Net: NetName=GND Pin=C15-1
Added Pin To Net: NetName=GND Pin=C16-1
Added Pin To Net: NetName=GND Pin=C17-1
Added Pin To Net: NetName=GND Pin=C18-1
Added Pin To Net: NetName=GND Pin=C19-1
Added Pin To Net: NetName=GND Pin=C20-1
Added Pin To Net: NetName=GND Pin=C21-1
Added Pin To Net: NetName=GND Pin=C22-1
Added Pin To Net: NetName=GND Pin=C23-1
Added Pin To Net: NetName=GND Pin=C24-1
Added Pin To Net: NetName=GND Pin=C25-2
Added Pin To Net: NetName=GND Pin=C26-1
Added Pin To Net: NetName=GND Pin=C27-2
Added Pin To Net: NetName=GND Pin=C28-1
Added Pin To Net: NetName=GND Pin=C29-1
Added Pin To Net: NetName=GND Pin=D3-2
Added Pin To Net: NetName=GND Pin=D5-2
Added Pin To Net: NetName=GND Pin=D6-1
Added Pin To Net: NetName=GND Pin=D7-1
Added Pin To Net: NetName=GND Pin=D8-1
Added Pin To Net: NetName=GND Pin=D9-1
Added Pin To Net: NetName=GND Pin=J1-5
Added Pin To Net: NetName=GND Pin=J1-S
Added Pin To Net: NetName=GND Pin=J1-S
Added Pin To Net: NetName=GND Pin=J1-S
Added Pin To Net: NetName=GND Pin=J1-S
Added Pin To Net: NetName=GND Pin=J1-S
Added Pin To Net: NetName=GND Pin=J1-S
Added Pin To Net: NetName=GND Pin=J2-2
Added Pin To Net: NetName=GND Pin=J3-1
Added Pin To Net: NetName=GND Pin=J4-2
Added Pin To Net: NetName=GND Pin=J4-4
Added Pin To Net: NetName=GND Pin=Q2-4
Added Pin To Net: NetName=GND Pin=R1-1
Added Pin To Net: NetName=GND Pin=R2-1
Added Pin To Net: NetName=GND Pin=R8-1
Added Pin To Net: NetName=GND Pin=R10-1
Added Pin To Net: NetName=GND Pin=R13-1
Added Pin To Net: NetName=GND Pin=R14-1
Added Pin To Net: NetName=GND Pin=R15-1
Added Pin To Net: NetName=GND Pin=R23-1
Added Pin To Net: NetName=GND Pin=SW1-1
Added Pin To Net: NetName=GND Pin=SW1-4
Added Pin To Net: NetName=GND Pin=SW1-5
Added Pin To Net: NetName=GND Pin=U1-1
Added Pin To Net: NetName=GND Pin=U1-5
Added Pin To Net: NetName=GND Pin=U1-14
Added Pin To Net: NetName=GND Pin=U1-21
Added Pin To Net: NetName=GND Pin=U2-8
Added Pin To Net: NetName=GND Pin=U2-9
Added Pin To Net: NetName=GND Pin=U3-2
Added Pin To Net: NetName=GND Pin=U4-1
Added Pin To Net: NetName=GND Pin=U4-2
Added Pin To Net: NetName=GND Pin=U4-15
Added Pin To Net: NetName=GND Pin=U4-33
Added Pin To Net: NetName=GND Pin=U4-55
Added Pin To Net: NetName=GND Pin=U5-4
Added Pin To Net: NetName=GND Pin=U5-9
Added Pin To Net: NetName=GND Pin=U6-7
Added Pin To Net: NetName=GND Pin=U6-8
Added Pin To Net: NetName=GND Pin=U6-9
Added Pin To Net: NetName=GND Pin=U6-10
Added Pin To Net: NetName=GND Pin=U6-11
Added Pin To Net: NetName=GND Pin=U6-12
Added Pin To Net: NetName=GND Pin=U6-13
Added Pin To Net: NetName=GND Pin=U6-15
Added Pin To Net: NetName=GND Pin=U7-3
Added Pin To Net: NetName=GND Pin=U8-2
Added Net: Name=GND
Added Pin To Net: NetName=IMU_INT Pin=U4-19
Added Pin To Net: NetName=IMU_INT Pin=U6-6
Added Net: Name=IMU_INT
Added Pin To Net: NetName=MISO Pin=U4-39
Added Pin To Net: NetName=MISO Pin=U5-2
Added Net: Name=MISO
Added Pin To Net: NetName=MOSI Pin=U4-37
Added Pin To Net: NetName=MOSI Pin=U5-5
Added Net: Name=MOSI
Added Pin To Net: NetName=NetC3_1 Pin=C3-1
Added Pin To Net: NetName=NetC3_1 Pin=U1-2
Added Net: Name=NetC3_1
Added Pin To Net: NetName=NetC3_2 Pin=C3-2
Added Pin To Net: NetName=NetC3_2 Pin=D3-1
Added Pin To Net: NetName=NetC3_2 Pin=L1-1
Added Pin To Net: NetName=NetC3_2 Pin=U1-16
Added Pin To Net: NetName=NetC3_2 Pin=U1-17
Added Net: Name=NetC3_2
Added Pin To Net: NetName=NetC6_2 Pin=C6-2
Added Pin To Net: NetName=NetC6_2 Pin=R4-2
Added Pin To Net: NetName=NetC6_2 Pin=U1-6
Added Net: Name=NetC6_2
Added Pin To Net: NetName=NetC7_2 Pin=C7-2
Added Pin To Net: NetName=NetC7_2 Pin=U1-10
Added Net: Name=NetC7_2
Added Pin To Net: NetName=NetC10_2 Pin=C10-2
Added Pin To Net: NetName=NetC10_2 Pin=U8-3
Added Net: Name=NetC10_2
Added Pin To Net: NetName=NetC12_1 Pin=C12-1
Added Pin To Net: NetName=NetC12_1 Pin=C13-1
Added Pin To Net: NetName=NetC12_1 Pin=R5-1
Added Pin To Net: NetName=NetC12_1 Pin=R15-2
Added Pin To Net: NetName=NetC12_1 Pin=U1-11
Added Net: Name=NetC12_1
Added Pin To Net: NetName=NetC12_2 Pin=C12-2
Added Pin To Net: NetName=NetC12_2 Pin=R9-2
Added Pin To Net: NetName=NetC12_2 Pin=U1-12
Added Net: Name=NetC12_2
Added Pin To Net: NetName=NetC13_2 Pin=C13-2
Added Pin To Net: NetName=NetC13_2 Pin=R9-1
Added Net: Name=NetC13_2
Added Pin To Net: NetName=NetC21_2 Pin=C21-2
Added Pin To Net: NetName=NetC21_2 Pin=U6-14
Added Net: Name=NetC21_2
Added Pin To Net: NetName=NetC28_2 Pin=C28-2
Added Pin To Net: NetName=NetC28_2 Pin=U4-17
Added Pin To Net: NetName=NetC28_2 Pin=X1-1
Added Net: Name=NetC28_2
Added Pin To Net: NetName=NetC29_2 Pin=C29-2
Added Pin To Net: NetName=NetC29_2 Pin=U4-18
Added Pin To Net: NetName=NetC29_2 Pin=X1-2
Added Net: Name=NetC29_2
Added Pin To Net: NetName=NetD1_2 Pin=D1-2
Added Pin To Net: NetName=NetD1_2 Pin=L1-2
Added Pin To Net: NetName=NetD1_2 Pin=Q2-1
Added Pin To Net: NetName=NetD1_2 Pin=Q2-2
Added Pin To Net: NetName=NetD1_2 Pin=Q2-5
Added Pin To Net: NetName=NetD1_2 Pin=Q2-6
Added Net: Name=NetD1_2
Added Pin To Net: NetName=NetD2_2 Pin=D2-2
Added Pin To Net: NetName=NetD2_2 Pin=U2-3
Added Pin To Net: NetName=NetD2_2 Pin=U2-4
Added Net: Name=NetD2_2
Added Pin To Net: NetName=NetJ5_2 Pin=J5-2
Added Pin To Net: NetName=NetJ5_2 Pin=R1-2
Added Net: Name=NetJ5_2
Added Pin To Net: NetName=NetQ2_3 Pin=Q2-3
Added Pin To Net: NetName=NetQ2_3 Pin=R14-2
Added Pin To Net: NetName=NetQ2_3 Pin=U1-20
Added Net: Name=NetQ2_3
Added Pin To Net: NetName=NetR2_2 Pin=R2-2
Added Pin To Net: NetName=NetR2_2 Pin=U2-2
Added Net: Name=NetR2_2
Added Pin To Net: NetName=NetR3_2 Pin=R3-2
Added Pin To Net: NetName=NetR3_2 Pin=U4-35
Added Net: Name=NetR3_2
Added Pin To Net: NetName=NetR4_1 Pin=R4-1
Added Pin To Net: NetName=NetR4_1 Pin=R13-2
Added Pin To Net: NetName=NetR4_1 Pin=U1-7
Added Pin To Net: NetName=NetR4_1 Pin=U1-18
Added Net: Name=NetR4_1
Added Pin To Net: NetName=NetR8_2 Pin=R8-2
Added Pin To Net: NetName=NetR8_2 Pin=U1-13
Added Net: Name=NetR8_2
Added Pin To Net: NetName=NetR10_2 Pin=R10-2
Added Pin To Net: NetName=NetR10_2 Pin=U1-9
Added Net: Name=NetR10_2
Added Pin To Net: NetName=NetR17_2 Pin=R17-2
Added Pin To Net: NetName=NetR17_2 Pin=U4-34
Added Net: Name=NetR17_2
Added Pin To Net: NetName=NetTP1_1 Pin=TP1-1
Added Pin To Net: NetName=NetTP1_1 Pin=U1-15
Added Net: Name=NetTP1_1
Added Pin To Net: NetName=PWR Pin=C1-+
Added Pin To Net: NetName=PWR Pin=C2-2
Added Pin To Net: NetName=PWR Pin=C14-2
Added Pin To Net: NetName=PWR Pin=J3-2
Added Pin To Net: NetName=PWR Pin=Q1-1
Added Pin To Net: NetName=PWR Pin=Q1-2
Added Pin To Net: NetName=PWR Pin=Q1-5
Added Pin To Net: NetName=PWR Pin=Q1-6
Added Pin To Net: NetName=PWR Pin=TP8-1
Added Pin To Net: NetName=PWR Pin=U1-3
Added Pin To Net: NetName=PWR Pin=U1-4
Added Net: Name=PWR
Added Pin To Net: NetName=RESET Pin=R6-1
Added Pin To Net: NetName=RESET Pin=U4-40
Added Net: Name=RESET
Added Pin To Net: NetName=SCK Pin=U4-42
Added Pin To Net: NetName=SCK Pin=U5-6
Added Net: Name=SCK
Added Pin To Net: NetName=SCL Pin=R7-1
Added Pin To Net: NetName=SCL Pin=R12-1
Added Pin To Net: NetName=SCL Pin=U4-27
Added Pin To Net: NetName=SCL Pin=U6-2
Added Pin To Net: NetName=SCL Pin=U7-8
Added Net: Name=SCL
Added Pin To Net: NetName=SDA Pin=R11-1
Added Pin To Net: NetName=SDA Pin=R16-1
Added Pin To Net: NetName=SDA Pin=U4-29
Added Pin To Net: NetName=SDA Pin=U6-3
Added Pin To Net: NetName=SDA Pin=U7-7
Added Net: Name=SDA
Added Pin To Net: NetName=SNS_VCAP Pin=R21-1
Added Pin To Net: NetName=SNS_VCAP Pin=R23-2
Added Pin To Net: NetName=SNS_VCAP Pin=U4-12
Added Net: Name=SNS_VCAP
Added Pin To Net: NetName=SW_CLK Pin=D7-2
Added Pin To Net: NetName=SW_CLK Pin=J2-4
Added Pin To Net: NetName=SW_CLK Pin=U4-53
Added Net: Name=SW_CLK
Added Pin To Net: NetName=SW_DIO Pin=D6-2
Added Pin To Net: NetName=SW_DIO Pin=J2-5
Added Pin To Net: NetName=SW_DIO Pin=U4-51
Added Net: Name=SW_DIO
Added Pin To Net: NetName=SW_NRST Pin=D9-2
Added Pin To Net: NetName=SW_NRST Pin=J2-3
Added Pin To Net: NetName=SW_NRST Pin=R6-2
Added Pin To Net: NetName=SW_NRST Pin=SW1-2
Added Pin To Net: NetName=SW_NRST Pin=SW1-3
Added Net: Name=SW_NRST
Added Pin To Net: NetName=USB_N Pin=D5-6
Added Pin To Net: NetName=USB_N Pin=J1-2
Added Pin To Net: NetName=USB_N Pin=R17-1
Added Net: Name=USB_N
Added Pin To Net: NetName=USB_P Pin=D5-1
Added Pin To Net: NetName=USB_P Pin=J1-3
Added Pin To Net: NetName=USB_P Pin=R3-1
Added Net: Name=USB_P
Added Pin To Net: NetName=V_CAP Pin=C4-+
Added Pin To Net: NetName=V_CAP Pin=C5-2
Added Pin To Net: NetName=V_CAP Pin=C9-2
Added Pin To Net: NetName=V_CAP Pin=C17-2
Added Pin To Net: NetName=V_CAP Pin=D1-1
Added Pin To Net: NetName=V_CAP Pin=R5-2
Added Pin To Net: NetName=V_CAP Pin=TP2-1
Added Pin To Net: NetName=V_CAP Pin=U2-5
Added Pin To Net: NetName=V_CAP Pin=U2-6
Added Pin To Net: NetName=V_CAP Pin=U3-6
Added Net: Name=V_CAP
Added Pin To Net: NetName=VUSB Pin=C18-2
Added Pin To Net: NetName=VUSB Pin=C25-1
Added Pin To Net: NetName=VUSB Pin=D5-5
Added Pin To Net: NetName=VUSB Pin=J1-1
Added Pin To Net: NetName=VUSB Pin=Q1-3
Added Pin To Net: NetName=VUSB Pin=Q1-4
Added Pin To Net: NetName=VUSB Pin=U4-32
Added Pin To Net: NetName=VUSB Pin=U8-1
Added Pin To Net: NetName=VUSB Pin=U8-5
Added Net: Name=VUSB
Added Differential Pair: Name=USB
