Removed Pin From Net: NetName=CAP Pin=C14-2
Removed Pin From Net: NetName=CAP Pin=C15-2
Removed Pin From Net: NetName=PWR Pin=C17-2
Removed Pin From Net: NetName=GND Pin=C18-1
Removed Pin From Net: NetName=GND Pin=C19-1
Removed Pin From Net: NetName=GND Pin=J2-2
Removed Pin From Net: NetName=NetC9_2 Pin=J4-1
Removed Pin From Net: NetName=GND Pin=J4-4
Removed Pin From Net: NetName=CAP Pin=Q3-5
Removed Pin From Net: NetName=CAP Pin=Q3-5
Removed Pin From Net: NetName=CAP Pin=Q3-6
Removed Pin From Net: NetName=CAP Pin=Q3-7
Removed Pin From Net: NetName=CAP Pin=Q3-8
Removed Pin From Net: NetName=CAP Pin=Q4-5
Removed Pin From Net: NetName=CAP Pin=Q4-5
Removed Pin From Net: NetName=CAP Pin=Q4-6
Removed Pin From Net: NetName=CAP Pin=Q4-7
Removed Pin From Net: NetName=CAP Pin=Q4-8
Removed Pin From Net: NetName=CAP Pin=R3-2
Removed Pin From Net: NetName=NetC9_2 Pin=R6-2
Removed Pin From Net: NetName=GND Pin=R11-2
Removed Pin From Net: NetName=GND Pin=R12-1
Removed Pin From Net: NetName=NetC11_2 Pin=R12-2
Removed Pin From Net: NetName=GND Pin=R18-1
Removed Pin From Net: NetName=GND Pin=R20-1
Removed Pin From Net: NetName=GND Pin=R25-1
Removed Pin From Net: NetName=GND Pin=U3-3
Removed Pin From Net: NetName=GND Pin=U4-1
Removed Pin From Net: NetName=CAP Pin=U4-2
Removed Pin From Net: NetName=PWR Pin=U5-1
Removed Pin From Net: NetName=GND Pin=U5-2
Removed Pin From Net: NetName=PWR Pin=U5-3
Removed Pin From Net: NetName=GND Pin=U6-1
Removed Pin From Net: NetName=CAP Pin=U6-2
Removed Member From Class: ClassName=Sheet1 Member=C18
Removed Member From Class: ClassName=Sheet1 Member=C19
Removed Member From Class: ClassName=Sheet1 Member=J2
Removed Member From Class: ClassName=Sheet1 Member=J4
Removed Member From Class: ClassName=Sheet1 Member=J5
Removed Member From Class: ClassName=Sheet1 Member=J6
Removed Member From Class: ClassName=Sheet1 Member=J8
Removed Member From Class: ClassName=Sheet1 Member=Q3
Removed Member From Class: ClassName=Sheet1 Member=Q4
Removed Member From Class: ClassName=Sheet1 Member=R11
Removed Member From Class: ClassName=Sheet1 Member=R12
Removed Member From Class: ClassName=Sheet1 Member=R16
Removed Member From Class: ClassName=Sheet1 Member=R17
Removed Member From Class: ClassName=Sheet1 Member=R18
Removed Member From Class: ClassName=Sheet1 Member=R19
Removed Member From Class: ClassName=Sheet1 Member=R20
Removed Member From Class: ClassName=Sheet1 Member=R24
Removed Member From Class: ClassName=Sheet1 Member=R25
Removed Member From Class: ClassName=Sheet1 Member=U4
Removed Member From Class: ClassName=Sheet1 Member=U5
Removed Member From Class: ClassName=Sheet1 Member=U6
Change Component Footprint: Designator=J1 Old Footprint=B2B-ZR(LF)(SN) New Footprint=2PH1-06-UA
Change Component Footprint: Designator=C14 Old Footprint=RESC0402 New Footprint=CAPC1210X15N
Change Component Footprint: Designator=C15 Old Footprint=RESC0402 New Footprint=CAPC1508X03N
Change Component Footprint: Designator=C16 Old Footprint=RESC0402 New Footprint=CAPC1508X03N
Change Component Footprint: Designator=R6 Old Footprint=RESC0402 New Footprint=CAPC1508X03N
Change Component Footprint: Designator=U3 Old Footprint=SC-70-5 New Footprint=SOT-236
Change Component Comment : Designator=R6 Old Comment=1kOhm New Comment=2kOhm
Change Component Comment : Designator=C15 Old Comment=1uF New Comment=0.47uF
Change Component Comment : Designator=C16 Old Comment=1uF New Comment=0.47uF
Change Component Comment : Designator=C14 Old Comment=1uF New Comment=47uF
Change Component Comment : Designator=R3 Old Comment=2.15kOhm New Comment=1kOhm
Change Component Comment : Designator=R7 Old Comment=2.15kOhm New Comment=4.99kOhm
Change Component Comment : Designator=J1 Old Comment=B2B-ZR(LF)(SN) New Comment=2PH1-06-UA
Change Component Comment : Designator=U3 Old Comment=MCP6491T-E/LTY New Comment=LTC1982ES6#TRMPBF
Change component parameters: Designator = "U3" ("U3"); Footprint = "SC-70-5"; UniqueID = "\JWNAGCJR" ("\JWNAGCJR")
Change component parameters (AddParameter): Name = "ComponentLink1Description"; Value = "New link"; VariantName = "[No Variations]"
Change component parameters (AddParameter): Name = "ComponentLink1URL"; Value = "https://www.digikey.com/en/products/detail/analog-devices-inc/LTC1982ES6-TRMPBF/1115920"; VariantName = "[No Variations]"
Change component parameters: Designator = "J1" ("J1"); Footprint = "B2B-ZR(LF)(SN)"; UniqueID = "\JPYMEZWN" ("\JPYMEZWN")
Change component parameters (AddParameter): Name = "ComponentLink1Description"; Value = "New link"; VariantName = "[No Variations]"
Change component parameters (AddParameter): Name = "ComponentLink1URL"; Value = "https://www.digikey.com/en/products/detail/adam-tech/2PH1-06-UA/9830598"; VariantName = "[No Variations]"
Added Pin To Net: NetName=PWR Pin=C14-2
Added Pin To Net: NetName=V_CAP Pin=C17-2
Added Pin To Net: NetName=CAP Pin=J1-2
Added Pin To Net: NetName=GND Pin=J1-3
Added Pin To Net: NetName=GND Pin=J1-5
Added Pin To Net: NetName=NetC9_2 Pin=R3-2
Added Pin To Net: NetName=GND Pin=R6-1
Added Pin To Net: NetName=NetC11_2 Pin=R7-2
Added Pin To Net: NetName=V_CAP Pin=U3-6
Added Pin To Net: NetName=NetC15_2 Pin=C15-2
Added Pin To Net: NetName=NetC15_2 Pin=U3-4
Added Net: Name=NetC15_2
Added Pin To Net: NetName=NetC16_2 Pin=C16-2
Added Pin To Net: NetName=NetC16_2 Pin=J1-4
Added Pin To Net: NetName=NetC16_2 Pin=J1-6
Added Pin To Net: NetName=NetC16_2 Pin=U3-5
Added Net: Name=NetC16_2
Added Pin To Net: NetName=NetR3_1 Pin=R3-1
Added Pin To Net: NetName=NetR3_1 Pin=R6-2
Added Pin To Net: NetName=NetR3_1 Pin=U2-4
Added Net: Name=NetR3_1
Added Pin To Net: NetName=NetR21_1 Pin=R21-1
Added Pin To Net: NetName=NetR21_1 Pin=R23-2
Added Net: Name=NetR21_1
Added Pin To Net: NetName=NetU3_1 Pin=U3-1
Added Net: Name=NetU3_1
Added Pin To Net: NetName=NetU3_3 Pin=U3-3
Added Net: Name=NetU3_3
