Added Component: Designator=C1(Dia 6.3mm)
Added Component: Designator=C2(CAPC1508X03N)
Added Component: Designator=C3(CAPC1508X03N)
Added Component: Designator=C4(Dia 6.3mm)
Added Component: Designator=C5(CAPC1210X15N)
Added Component: Designator=C6(RESC0402)
Added Component: Designator=C7(CAPC1508X03N)
Added Component: Designator=C8(CAPC1508X03N)
Added Component: Designator=C9(CAPC1508X03N)
Added Component: Designator=C10(CAPC1508X03N)
Added Component: Designator=C11(CAPC1508X03N)
Added Component: Designator=C12(CAPC1508X03N)
Added Component: Designator=C13(CAPC1508X03N)
Added Component: Designator=C14(RESC0402)
Added Component: Designator=C15(RESC0402)
Added Component: Designator=C16(RESC0402)
Added Component: Designator=C17(CAPC1508X03N)
Added Component: Designator=C18(CAPC1508X03N)
Added Component: Designator=C19(CAPC1508X03N)
Added Component: Designator=D1(RBR3MM60ATFTR)
Add component (AddParameter): Name = "ComponentLink1Description"; Value = "New link"; VariantName = "[No Variations]"
Add component (AddParameter): Name = "ComponentLink1URL"; Value = "https://www.digikey.com/en/products/detail/rohm-semiconductor/RBR3MM60ATFTR/9748147"; VariantName = "[No Variations]"
Added Component: Designator=D2(RBR3MM60ATFTR)
Add component (AddParameter): Name = "ComponentLink1Description"; Value = "New link"; VariantName = "[No Variations]"
Add component (AddParameter): Name = "ComponentLink1URL"; Value = "https://www.digikey.com/en/products/detail/rohm-semiconductor/RBR3MM60ATFTR/9748147"; VariantName = "[No Variations]"
Added Component: Designator=D3(RBR3MM60ATFTR)
Add component (AddParameter): Name = "ComponentLink1Description"; Value = "New link"; VariantName = "[No Variations]"
Add component (AddParameter): Name = "ComponentLink1URL"; Value = "https://www.digikey.com/en/products/detail/rohm-semiconductor/RBR3MM60ATFTR/9748147"; VariantName = "[No Variations]"
Added Component: Designator=D4(SC-59)
Add component (AddParameter): Name = "ComponentLink1Description"; Value = "New link"; VariantName = "[No Variations]"
Add component (AddParameter): Name = "ComponentLink1URL"; Value = "https://www.digikey.com/en/products/detail/onsemi/NSVR351SDSA3T1G/9169831"; VariantName = "[No Variations]"
Added Component: Designator=J1(B2B-ZR(LF)(SN))
Added Component: Designator=J2(B2B-ZR(LF)(SN))
Added Component: Designator=J3(B2B-ZR(LF)(SN))
Added Component: Designator=J4(2355172-5)
Add component (AddParameter): Name = "ComponentLink1Description"; Value = "New link"; VariantName = "[No Variations]"
Add component (AddParameter): Name = "ComponentLink1URL"; Value = "https://www.digikey.com/en/products/detail/te-connectivity-amp-connectors/2355172-5/11502911"; VariantName = "[No Variations]"
Added Component: Designator=J5(SCREW)
Added Component: Designator=J6(SCREW)
Added Component: Designator=J7(GRPB021VWVN-RC)
Add component (AddParameter): Name = "ComponentLink1Description"; Value = "New link"; VariantName = "[No Variations]"
Add component (AddParameter): Name = "ComponentLink1URL"; Value = "https://www.digikey.com/en/products/detail/sullins-connector-solutions/GRPB021VWVN-RC/1786438"; VariantName = "[No Variations]"
Added Component: Designator=L1(VLS5045EX-8R2M)
Add component (AddParameter): Name = "ComponentLink1Description"; Value = "New link"; VariantName = "[No Variations]"
Add component (AddParameter): Name = "ComponentLink1URL"; Value = "https://www.digikey.com/en/products/detail/tdk-corporation/VLS5045EX-8R2M/5286688"; VariantName = "[No Variations]"
Added Component: Designator=Q1(SOT-23)
Add component (AddParameter): Name = "ComponentLink1Description"; Value = "New link"; VariantName = "[No Variations]"
Add component (AddParameter): Name = "ComponentLink1URL"; Value = "https://www.digikey.com/en/products/detail/alpha-omega-semiconductor-inc/AO6420/2353871?s=N4IgTCBcDaIIYHsBsAWMAGEBdAvkA"; VariantName = "[No Variations]"
Added Component: Designator=Q2(SOT-23)
Add component (AddParameter): Name = "ComponentLink1Description"; Value = "New link"; VariantName = "[No Variations]"
Add component (AddParameter): Name = "ComponentLink1URL"; Value = "https://www.digikey.com/en/products/detail/alpha-omega-semiconductor-inc/AO6420/2353871?s=N4IgTCBcDaIIYHsBsAWMAGEBdAvkA"; VariantName = "[No Variations]"
Added Component: Designator=Q3(DMN3009SFG-7)
Add component (AddParameter): Name = "ComponentLink1Description"; Value = "New link"; VariantName = "[No Variations]"
Add component (AddParameter): Name = "ComponentLink1URL"; Value = "https://www.digikey.com/en/products/detail/diodes-incorporated/DMN3009SFG-7/5592444"; VariantName = "[No Variations]"
Added Component: Designator=Q4(DMN3009SFG-7)
Add component (AddParameter): Name = "ComponentLink1Description"; Value = "New link"; VariantName = "[No Variations]"
Add component (AddParameter): Name = "ComponentLink1URL"; Value = "https://www.digikey.com/en/products/detail/diodes-incorporated/DMN3009SFG-7/5592444"; VariantName = "[No Variations]"
Added Component: Designator=R1(RESC0402)
Added Component: Designator=R2(RESC2012X05N)
Added Component: Designator=R3(CAPC1508X03N)
Added Component: Designator=R4(RESC0402)
Added Component: Designator=R5(CAPC1508X03N)
Added Component: Designator=R6(RESC0402)
Added Component: Designator=R7(CAPC1508X03N)
Added Component: Designator=R8(CAPC1508X03N)
Added Component: Designator=R9(CAPC1508X03N)
Added Component: Designator=R10(CAPC1508X03N)
Added Component: Designator=R11(RESC0402)
Added Component: Designator=R12(RESC0402)
Added Component: Designator=R13(RESC0402)
Added Component: Designator=R14(CAPC1508X03N)
Added Component: Designator=R15(CAPC1508X03N)
Added Component: Designator=R16(RESC0402)
Added Component: Designator=R17(RESC0402)
Added Component: Designator=R18(RESC3216X05N)
Added Component: Designator=R19(RESC0402)
Added Component: Designator=R20(RESC0402)
Added Component: Designator=R21(RESC0402)
Added Component: Designator=R22(CAPC1508X03N)
Added Component: Designator=R23(RESC0402)
Added Component: Designator=R24(RESC0402)
Added Component: Designator=R25(RESC0402)
Added Component: Designator=TP1(TP2)
Added Component: Designator=TP2(TP2)
Added Component: Designator=TP3(TP)
Added Component: Designator=U1(20-TSSOP-EPAD)
Add component (AddParameter): Name = "ComponentLink1Description"; Value = "New link"; VariantName = "[No Variations]"
Add component (AddParameter): Name = "ComponentLink1URL"; Value = "https://www.digikey.com/en/products/detail/renesas-electronics-america-inc/ISL78201AVEZ-T7A/5418332"; VariantName = "[No Variations]"
Added Component: Designator=U2(TSOT23-8)
Add component (AddParameter): Name = "ComponentLink1Description"; Value = "New link"; VariantName = "[No Variations]"
Add component (AddParameter): Name = "ComponentLink1URL"; Value = "https://www.digikey.com/en/products/detail/analog-devices-inc/ADM1170-2AUJZ-RL7/1154261"; VariantName = "[No Variations]"
Added Component: Designator=U3(SC-70-5)
Add component (AddParameter): Name = "ComponentLink1Description"; Value = "New link"; VariantName = "[No Variations]"
Add component (AddParameter): Name = "ComponentLink1URL"; Value = "https://www.digikey.com/en/products/detail/microchip-technology/MCP6491T-E-LTY/3872256"; VariantName = "[No Variations]"
Added Component: Designator=U4(SOT143)
Add component (AddParameter): Name = "ComponentLink1Description"; Value = "New link"; VariantName = "[No Variations]"
Add component (AddParameter): Name = "ComponentLink1URL"; Value = "https://www.digikey.com/en/products/detail/microchip-technology/MIC5018YM4-TR/771707"; VariantName = "[No Variations]"
Added Component: Designator=U5(SC-74 / SOT23)
Add component (AddParameter): Name = "ComponentLink1Description"; Value = "New link"; VariantName = "[No Variations]"
Add component (AddParameter): Name = "ComponentLink1URL"; Value = "https://www.digikey.com/en/products/detail/microchip-technology/TC2014-3-3VCTTR/443379"; VariantName = "[No Variations]"
Added Component: Designator=U6(SOT143)
Add component (AddParameter): Name = "ComponentLink1Description"; Value = "New link"; VariantName = "[No Variations]"
Add component (AddParameter): Name = "ComponentLink1URL"; Value = "https://www.digikey.com/en/products/detail/microchip-technology/MIC5018YM4-TR/771707"; VariantName = "[No Variations]"
Added Pin To Net: NetName=3.3V Pin=C16-2
Added Pin To Net: NetName=3.3V Pin=C19-2
Added Pin To Net: NetName=3.3V Pin=U3-5
Added Pin To Net: NetName=3.3V Pin=U5-5
Added Net: Name=3.3V
Added Pin To Net: NetName=CAP Pin=C14-2
Added Pin To Net: NetName=CAP Pin=C15-2
Added Pin To Net: NetName=CAP Pin=D1-2
Added Pin To Net: NetName=CAP Pin=J1-1
Added Pin To Net: NetName=CAP Pin=J7-1
Added Pin To Net: NetName=CAP Pin=Q3-5
Added Pin To Net: NetName=CAP Pin=Q3-5
Added Pin To Net: NetName=CAP Pin=Q3-6
Added Pin To Net: NetName=CAP Pin=Q3-7
Added Pin To Net: NetName=CAP Pin=Q3-8
Added Pin To Net: NetName=CAP Pin=Q4-5
Added Pin To Net: NetName=CAP Pin=Q4-5
Added Pin To Net: NetName=CAP Pin=Q4-6
Added Pin To Net: NetName=CAP Pin=Q4-7
Added Pin To Net: NetName=CAP Pin=Q4-8
Added Pin To Net: NetName=CAP Pin=R3-2
Added Pin To Net: NetName=CAP Pin=R21-2
Added Pin To Net: NetName=CAP Pin=TP2-1
Added Pin To Net: NetName=CAP Pin=U4-2
Added Pin To Net: NetName=CAP Pin=U6-2
Added Net: Name=CAP
Added Pin To Net: NetName=GND Pin=C1--
Added Pin To Net: NetName=GND Pin=C2-1
Added Pin To Net: NetName=GND Pin=C4--
Added Pin To Net: NetName=GND Pin=C5-1
Added Pin To Net: NetName=GND Pin=C6-1
Added Pin To Net: NetName=GND Pin=C7-1
Added Pin To Net: NetName=GND Pin=C8-1
Added Pin To Net: NetName=GND Pin=C9-1
Added Pin To Net: NetName=GND Pin=C10-1
Added Pin To Net: NetName=GND Pin=C11-1
Added Pin To Net: NetName=GND Pin=C14-1
Added Pin To Net: NetName=GND Pin=C15-1
Added Pin To Net: NetName=GND Pin=C16-1
Added Pin To Net: NetName=GND Pin=C17-1
Added Pin To Net: NetName=GND Pin=C18-1
Added Pin To Net: NetName=GND Pin=C19-1
Added Pin To Net: NetName=GND Pin=D3-1
Added Pin To Net: NetName=GND Pin=J2-2
Added Pin To Net: NetName=GND Pin=J3-2
Added Pin To Net: NetName=GND Pin=J4-4
Added Pin To Net: NetName=GND Pin=Q2-4
Added Pin To Net: NetName=GND Pin=R7-1
Added Pin To Net: NetName=GND Pin=R8-1
Added Pin To Net: NetName=GND Pin=R10-1
Added Pin To Net: NetName=GND Pin=R11-2
Added Pin To Net: NetName=GND Pin=R12-1
Added Pin To Net: NetName=GND Pin=R13-1
Added Pin To Net: NetName=GND Pin=R14-1
Added Pin To Net: NetName=GND Pin=R15-1
Added Pin To Net: NetName=GND Pin=R18-1
Added Pin To Net: NetName=GND Pin=R20-1
Added Pin To Net: NetName=GND Pin=R22-1
Added Pin To Net: NetName=GND Pin=R23-1
Added Pin To Net: NetName=GND Pin=R25-1
Added Pin To Net: NetName=GND Pin=U1-1
Added Pin To Net: NetName=GND Pin=U1-5
Added Pin To Net: NetName=GND Pin=U1-14
Added Pin To Net: NetName=GND Pin=U1-21
Added Pin To Net: NetName=GND Pin=U2-2
Added Pin To Net: NetName=GND Pin=U3-2
Added Pin To Net: NetName=GND Pin=U3-3
Added Pin To Net: NetName=GND Pin=U4-1
Added Pin To Net: NetName=GND Pin=U5-2
Added Pin To Net: NetName=GND Pin=U6-1
Added Net: Name=GND
Added Pin To Net: NetName=NetC3_1 Pin=C3-1
Added Pin To Net: NetName=NetC3_1 Pin=U1-2
Added Net: Name=NetC3_1
Added Pin To Net: NetName=NetC3_2 Pin=C3-2
Added Pin To Net: NetName=NetC3_2 Pin=D3-2
Added Pin To Net: NetName=NetC3_2 Pin=L1-1
Added Pin To Net: NetName=NetC3_2 Pin=U1-16
Added Pin To Net: NetName=NetC3_2 Pin=U1-17
Added Net: Name=NetC3_2
Added Pin To Net: NetName=NetC6_2 Pin=C6-2
Added Pin To Net: NetName=NetC6_2 Pin=R4-2
Added Pin To Net: NetName=NetC6_2 Pin=U1-6
Added Net: Name=NetC6_2
Added Pin To Net: NetName=NetC7_2 Pin=C7-2
Added Pin To Net: NetName=NetC7_2 Pin=U1-10
Added Net: Name=NetC7_2
Added Pin To Net: NetName=NetC8_2 Pin=C8-2
Added Pin To Net: NetName=NetC8_2 Pin=U2-3
Added Net: Name=NetC8_2
Added Pin To Net: NetName=NetC9_2 Pin=C9-2
Added Pin To Net: NetName=NetC9_2 Pin=J4-1
Added Pin To Net: NetName=NetC9_2 Pin=R6-2
Added Net: Name=NetC9_2
Added Pin To Net: NetName=NetC10_2 Pin=C10-2
Added Pin To Net: NetName=NetC10_2 Pin=D4-1
Added Pin To Net: NetName=NetC10_2 Pin=U2-1
Added Net: Name=NetC10_2
Added Pin To Net: NetName=NetC11_2 Pin=C11-2
Added Pin To Net: NetName=NetC11_2 Pin=D4-3
Added Pin To Net: NetName=NetC11_2 Pin=R12-2
Added Net: Name=NetC11_2
Added Pin To Net: NetName=NetC12_1 Pin=C12-1
Added Pin To Net: NetName=NetC12_1 Pin=C13-1
Added Pin To Net: NetName=NetC12_1 Pin=R5-1
Added Pin To Net: NetName=NetC12_1 Pin=R15-2
Added Pin To Net: NetName=NetC12_1 Pin=U1-11
Added Net: Name=NetC12_1
Added Pin To Net: NetName=NetC12_2 Pin=C12-2
Added Pin To Net: NetName=NetC12_2 Pin=R9-2
Added Pin To Net: NetName=NetC12_2 Pin=U1-12
Added Net: Name=NetC12_2
Added Pin To Net: NetName=NetC13_2 Pin=C13-2
Added Pin To Net: NetName=NetC13_2 Pin=R9-1
Added Net: Name=NetC13_2
Added Pin To Net: NetName=NetC18_2 Pin=C18-2
Added Pin To Net: NetName=NetC18_2 Pin=U5-4
Added Net: Name=NetC18_2
Added Pin To Net: NetName=NetD1_1 Pin=D1-1
Added Pin To Net: NetName=NetD1_1 Pin=Q1-4
Added Net: Name=NetD1_1
Added Pin To Net: NetName=NetD2_1 Pin=D2-1
Added Pin To Net: NetName=NetD2_1 Pin=L1-2
Added Pin To Net: NetName=NetD2_1 Pin=Q2-1
Added Pin To Net: NetName=NetD2_1 Pin=Q2-2
Added Pin To Net: NetName=NetD2_1 Pin=Q2-5
Added Pin To Net: NetName=NetD2_1 Pin=Q2-6
Added Net: Name=NetD2_1
Added Pin To Net: NetName=NetJ1_2 Pin=J1-2
Added Pin To Net: NetName=NetJ1_2 Pin=J2-1
Added Pin To Net: NetName=NetJ1_2 Pin=R3-1
Added Pin To Net: NetName=NetJ1_2 Pin=R7-2
Added Net: Name=NetJ1_2
Added Pin To Net: NetName=NetJ4_2 Pin=J4-2
Added Pin To Net: NetName=NetJ4_2 Pin=R21-1
Added Pin To Net: NetName=NetJ4_2 Pin=R23-2
Added Net: Name=NetJ4_2
Added Pin To Net: NetName=NetJ4_3 Pin=J4-3
Added Pin To Net: NetName=NetJ4_3 Pin=U4-3
Added Pin To Net: NetName=NetJ4_3 Pin=U6-3
Added Net: Name=NetJ4_3
Added Pin To Net: NetName=NetJ4_5 Pin=J4-5
Added Pin To Net: NetName=NetJ4_5 Pin=R16-2
Added Pin To Net: NetName=NetJ4_5 Pin=U3-1
Added Net: Name=NetJ4_5
Added Pin To Net: NetName=NetJ5_1 Pin=J5-1
Added Pin To Net: NetName=NetJ5_1 Pin=R17-1
Added Pin To Net: NetName=NetJ5_1 Pin=R18-2
Added Net: Name=NetJ5_1
Added Pin To Net: NetName=NetJ6_1 Pin=J6-1
Added Pin To Net: NetName=NetJ6_1 Pin=Q3-1
Added Pin To Net: NetName=NetJ6_1 Pin=Q3-2
Added Pin To Net: NetName=NetJ6_1 Pin=Q3-3
Added Pin To Net: NetName=NetJ6_1 Pin=Q4-1
Added Pin To Net: NetName=NetJ6_1 Pin=Q4-2
Added Pin To Net: NetName=NetJ6_1 Pin=Q4-3
Added Net: Name=NetJ6_1
Added Pin To Net: NetName=NetJ7_2 Pin=J7-2
Added Pin To Net: NetName=NetJ7_2 Pin=R22-2
Added Net: Name=NetJ7_2
Added Pin To Net: NetName=NetQ1_1 Pin=Q1-1
Added Pin To Net: NetName=NetQ1_1 Pin=Q1-2
Added Pin To Net: NetName=NetQ1_1 Pin=Q1-5
Added Pin To Net: NetName=NetQ1_1 Pin=Q1-6
Added Pin To Net: NetName=NetQ1_1 Pin=R2-2
Added Pin To Net: NetName=NetQ1_1 Pin=U2-6
Added Net: Name=NetQ1_1
Added Pin To Net: NetName=NetQ1_3 Pin=Q1-3
Added Pin To Net: NetName=NetQ1_3 Pin=U2-5
Added Net: Name=NetQ1_3
Added Pin To Net: NetName=NetQ2_3 Pin=Q2-3
Added Pin To Net: NetName=NetQ2_3 Pin=R14-2
Added Pin To Net: NetName=NetQ2_3 Pin=U1-20
Added Net: Name=NetQ2_3
Added Pin To Net: NetName=NetQ3_4 Pin=Q3-4
Added Pin To Net: NetName=NetQ3_4 Pin=R19-2
Added Net: Name=NetQ3_4
Added Pin To Net: NetName=NetQ4_4 Pin=Q4-4
Added Pin To Net: NetName=NetQ4_4 Pin=R24-2
Added Net: Name=NetQ4_4
Added Pin To Net: NetName=NetR1_2 Pin=R1-2
Added Pin To Net: NetName=NetR1_2 Pin=U1-8
Added Net: Name=NetR1_2
Added Pin To Net: NetName=NetR4_1 Pin=R4-1
Added Pin To Net: NetName=NetR4_1 Pin=R13-2
Added Pin To Net: NetName=NetR4_1 Pin=U1-7
Added Pin To Net: NetName=NetR4_1 Pin=U1-18
Added Net: Name=NetR4_1
Added Pin To Net: NetName=NetR6_1 Pin=R6-1
Added Pin To Net: NetName=NetR6_1 Pin=R11-1
Added Pin To Net: NetName=NetR6_1 Pin=U2-4
Added Net: Name=NetR6_1
Added Pin To Net: NetName=NetR8_2 Pin=R8-2
Added Pin To Net: NetName=NetR8_2 Pin=U1-13
Added Net: Name=NetR8_2
Added Pin To Net: NetName=NetR10_2 Pin=R10-2
Added Pin To Net: NetName=NetR10_2 Pin=U1-9
Added Net: Name=NetR10_2
Added Pin To Net: NetName=NetR16_1 Pin=R16-1
Added Pin To Net: NetName=NetR16_1 Pin=R17-2
Added Pin To Net: NetName=NetR16_1 Pin=U3-4
Added Net: Name=NetR16_1
Added Pin To Net: NetName=NetR19_1 Pin=R19-1
Added Pin To Net: NetName=NetR19_1 Pin=R20-2
Added Pin To Net: NetName=NetR19_1 Pin=U4-4
Added Net: Name=NetR19_1
Added Pin To Net: NetName=NetR24_1 Pin=R24-1
Added Pin To Net: NetName=NetR24_1 Pin=R25-2
Added Pin To Net: NetName=NetR24_1 Pin=U6-4
Added Net: Name=NetR24_1
Added Pin To Net: NetName=NetTP1_1 Pin=TP1-1
Added Pin To Net: NetName=NetTP1_1 Pin=U1-15
Added Net: Name=NetTP1_1
Added Pin To Net: NetName=PWR Pin=C1-+
Added Pin To Net: NetName=PWR Pin=C2-2
Added Pin To Net: NetName=PWR Pin=C17-2
Added Pin To Net: NetName=PWR Pin=J3-1
Added Pin To Net: NetName=PWR Pin=R1-1
Added Pin To Net: NetName=PWR Pin=U1-3
Added Pin To Net: NetName=PWR Pin=U1-4
Added Pin To Net: NetName=PWR Pin=U5-1
Added Pin To Net: NetName=PWR Pin=U5-3
Added Net: Name=PWR
Added Pin To Net: NetName=V_CAP Pin=C4-+
Added Pin To Net: NetName=V_CAP Pin=C5-2
Added Pin To Net: NetName=V_CAP Pin=D2-2
Added Pin To Net: NetName=V_CAP Pin=R2-1
Added Pin To Net: NetName=V_CAP Pin=R5-2
Added Pin To Net: NetName=V_CAP Pin=TP3-1
Added Pin To Net: NetName=V_CAP Pin=U2-7
Added Pin To Net: NetName=V_CAP Pin=U2-8
Added Net: Name=V_CAP
Added Member To Class: ClassName=Sheet1 Member=Component C1 220uF
Added Member To Class: ClassName=Sheet1 Member=Component C2 4.7uF
Added Member To Class: ClassName=Sheet1 Member=Component C3 0.22uF
Added Member To Class: ClassName=Sheet1 Member=Component C4 220uF
Added Member To Class: ClassName=Sheet1 Member=Component C5 47uF
Added Member To Class: ClassName=Sheet1 Member=Component C6 1uF
Added Member To Class: ClassName=Sheet1 Member=Component C7 4.7uF
Added Member To Class: ClassName=Sheet1 Member=Component C8 22uF
Added Member To Class: ClassName=Sheet1 Member=Component C9 0.47uF
Added Member To Class: ClassName=Sheet1 Member=Component C10 4700pF
Added Member To Class: ClassName=Sheet1 Member=Component C11 0.47uF
Added Member To Class: ClassName=Sheet1 Member=Component C12 47pF
Added Member To Class: ClassName=Sheet1 Member=Component C13 4700pF
Added Member To Class: ClassName=Sheet1 Member=Component C14 1uF
Added Member To Class: ClassName=Sheet1 Member=Component C15 1uF
Added Member To Class: ClassName=Sheet1 Member=Component C16 1uF
Added Member To Class: ClassName=Sheet1 Member=Component C17 0.47uF
Added Member To Class: ClassName=Sheet1 Member=Component C18 0.1uF
Added Member To Class: ClassName=Sheet1 Member=Component C19 0.47uF
Added Member To Class: ClassName=Sheet1 Member=Component D1 RBR3MM60ATFTR
Added Member To Class: ClassName=Sheet1 Member=Component D2 RBR3MM60ATFTR
Added Member To Class: ClassName=Sheet1 Member=Component D3 RBR3MM60ATFTR
Added Member To Class: ClassName=Sheet1 Member=Component D4 NSVR351SDSA3T1G
Added Member To Class: ClassName=Sheet1 Member=Component J1 B2B-ZR(LF)(SN)
Added Member To Class: ClassName=Sheet1 Member=Component J2 B2B-ZR(LF)(SN)
Added Member To Class: ClassName=Sheet1 Member=Component J3 B2B-ZR(LF)(SN)
Added Member To Class: ClassName=Sheet1 Member=Component J4 2355172-5
Added Member To Class: ClassName=Sheet1 Member=Component J5 Screw
Added Member To Class: ClassName=Sheet1 Member=Component J6 Screw
Added Member To Class: ClassName=Sheet1 Member=Component J7 GRPB021VWVN-RC
Added Member To Class: ClassName=Sheet1 Member=Component L1 VLS5045EX-8R2M
Added Member To Class: ClassName=Sheet1 Member=Component Q1 AO6420
Added Member To Class: ClassName=Sheet1 Member=Component Q2 AO6420
Added Member To Class: ClassName=Sheet1 Member=Component Q3 DMN3009SFG-7
Added Member To Class: ClassName=Sheet1 Member=Component Q4 DMN3009SFG-7
Added Member To Class: ClassName=Sheet1 Member=Component R1 4.99kOhm
Added Member To Class: ClassName=Sheet1 Member=Component R2 0.1 Ohm
Added Member To Class: ClassName=Sheet1 Member=Component R3 2.15kOhm
Added Member To Class: ClassName=Sheet1 Member=Component R4 100kOhm
Added Member To Class: ClassName=Sheet1 Member=Component R5 29.4kOhm
Added Member To Class: ClassName=Sheet1 Member=Component R6 1kOhm
Added Member To Class: ClassName=Sheet1 Member=Component R7 2.15kOhm
Added Member To Class: ClassName=Sheet1 Member=Component R8 250kOhm
Added Member To Class: ClassName=Sheet1 Member=Component R9 160kOhm
Added Member To Class: ClassName=Sheet1 Member=Component R10 160kOhm
Added Member To Class: ClassName=Sheet1 Member=Component R11 2kOhm
Added Member To Class: ClassName=Sheet1 Member=Component R12 4.99kOhm
Added Member To Class: ClassName=Sheet1 Member=Component R13 15kOhm
Added Member To Class: ClassName=Sheet1 Member=Component R14 4.99kOhm
Added Member To Class: ClassName=Sheet1 Member=Component R15 4.99kOhm
Added Member To Class: ClassName=Sheet1 Member=Component R16 40kOhm
Added Member To Class: ClassName=Sheet1 Member=Component R17 2kOhm
Added Member To Class: ClassName=Sheet1 Member=Component R18 10mOhm
Added Member To Class: ClassName=Sheet1 Member=Component R19 2kOhm
Added Member To Class: ClassName=Sheet1 Member=Component R20 4.99kOhm
Added Member To Class: ClassName=Sheet1 Member=Component R21 4.99kOhm
Added Member To Class: ClassName=Sheet1 Member=Component R22 499 Ohm
Added Member To Class: ClassName=Sheet1 Member=Component R23 4.99kOhm
Added Member To Class: ClassName=Sheet1 Member=Component R24 2kOhm
Added Member To Class: ClassName=Sheet1 Member=Component R25 4.99kOhm
Added Member To Class: ClassName=Sheet1 Member=Component TP1 Test Point
Added Member To Class: ClassName=Sheet1 Member=Component TP2 Test Point
Added Member To Class: ClassName=Sheet1 Member=Component TP3 Test Point
Added Member To Class: ClassName=Sheet1 Member=Component U1 ISL78201AVEZ-T7A
Added Member To Class: ClassName=Sheet1 Member=Component U2 ADM1170-1AUJZ-RL7
Added Member To Class: ClassName=Sheet1 Member=Component U3 MCP6491T-E/LTY
Added Member To Class: ClassName=Sheet1 Member=Component U4 MIC5018YM4-TR
Added Member To Class: ClassName=Sheet1 Member=Component U5 TC2014-3.3VCTTR
Added Member To Class: ClassName=Sheet1 Member=Component U6 MIC5018YM4-TR
