Replace Part C1 C-AP-6.3DIA in C:\Users\Covid\Desktop\LineCutter\Line Cutter\Sheet1.SchDoc with C-AP-6.3DIA from Passive_General.IntLib
Replace Part C2 C-G-0603 in C:\Users\Covid\Desktop\LineCutter\Line Cutter\Sheet1.SchDoc with C-G-0603 from Passive_General.IntLib
Replace Part C3 C-G-0603 in C:\Users\Covid\Desktop\LineCutter\Line Cutter\Sheet1.SchDoc with C-G-0603 from Passive_General.IntLib
Replace Part C4 C-AP-6.3DIA in C:\Users\Covid\Desktop\LineCutter\Line Cutter\Sheet1.SchDoc with C-AP-6.3DIA from Passive_General.IntLib
Replace Part C5 C-G-1210 in C:\Users\Covid\Desktop\LineCutter\Line Cutter\Sheet1.SchDoc with C-G-1210 from Passive_General.IntLib
Replace Part C6 C-G-0402 in C:\Users\Covid\Desktop\LineCutter\Line Cutter\Sheet1.SchDoc with C-G-0402 from Passive_General.IntLib
Replace Part C7 C-G-0603 in C:\Users\Covid\Desktop\LineCutter\Line Cutter\Sheet1.SchDoc with C-G-0603 from Passive_General.IntLib
Replace Part C8 C-G-0603 in C:\Users\Covid\Desktop\LineCutter\Line Cutter\Sheet1.SchDoc with C-G-0603 from Passive_General.IntLib
Replace Part C9 C-G-0603 in C:\Users\Covid\Desktop\LineCutter\Line Cutter\Sheet1.SchDoc with C-G-0603 from Passive_General.IntLib
Replace Part C10 C-G-0603 in C:\Users\Covid\Desktop\LineCutter\Line Cutter\Sheet1.SchDoc with C-G-0603 from Passive_General.IntLib
Replace Part C11 C-G-0603 in C:\Users\Covid\Desktop\LineCutter\Line Cutter\Sheet1.SchDoc with C-G-0603 from Passive_General.IntLib
Replace Part C12 C-G-0603 in C:\Users\Covid\Desktop\LineCutter\Line Cutter\Sheet1.SchDoc with C-G-0603 from Passive_General.IntLib
Replace Part C13 C-G-0603 in C:\Users\Covid\Desktop\LineCutter\Line Cutter\Sheet1.SchDoc with C-G-0603 from Passive_General.IntLib
Replace Part C14 C-G-0402 in C:\Users\Covid\Desktop\LineCutter\Line Cutter\Sheet1.SchDoc with C-G-0402 from Passive_General.IntLib
Replace Part C15 C-G-0402 in C:\Users\Covid\Desktop\LineCutter\Line Cutter\Sheet1.SchDoc with C-G-0402 from Passive_General.IntLib
Replace Part C16 C-G-0402 in C:\Users\Covid\Desktop\LineCutter\Line Cutter\Sheet1.SchDoc with C-G-0402 from Passive_General.IntLib
Replace Part C17 C-G-0603 in C:\Users\Covid\Desktop\LineCutter\Line Cutter\Sheet1.SchDoc with C-G-0603 from Passive_General.IntLib
Replace Part C18 C-G-0603 in C:\Users\Covid\Desktop\LineCutter\Line Cutter\Sheet1.SchDoc with C-G-0603 from Passive_General.IntLib
Replace Part C19 C-G-0603 in C:\Users\Covid\Desktop\LineCutter\Line Cutter\Sheet1.SchDoc with C-G-0603 from Passive_General.IntLib
Replace Part D1 RBR3MM60ATFTR in C:\Users\Covid\Desktop\LineCutter\Line Cutter\Sheet1.SchDoc with RBR3MM60ATFTR from Diode.IntLib
Replace Part D2 RBR3MM60ATFTR in C:\Users\Covid\Desktop\LineCutter\Line Cutter\Sheet1.SchDoc with RBR3MM60ATFTR from Diode.IntLib
Replace Part D3 RBR3MM60ATFTR in C:\Users\Covid\Desktop\LineCutter\Line Cutter\Sheet1.SchDoc with RBR3MM60ATFTR from Diode.IntLib
Replace Part D4 NSVR351SDSA3T1G in C:\Users\Covid\Desktop\LineCutter\Line Cutter\Sheet1.SchDoc with NSVR351SDSA3T1G from Diode.IntLib
Replace Part D4 NSVR351SDSA3T1G in C:\Users\Covid\Desktop\LineCutter\Line Cutter\Sheet1.SchDoc with NSVR351SDSA3T1G from Diode.IntLib
Replace Part J1 B2B-ZR(LF)(SN) in C:\Users\Covid\Desktop\LineCutter\Line Cutter\Sheet1.SchDoc with B2B-ZR(LF)(SN) from Connector.IntLib
Replace Part J2 B2B-ZR(LF)(SN) in C:\Users\Covid\Desktop\LineCutter\Line Cutter\Sheet1.SchDoc with B2B-ZR(LF)(SN) from Connector.IntLib
Replace Part J3 B2B-ZR(LF)(SN) in C:\Users\Covid\Desktop\LineCutter\Line Cutter\Sheet1.SchDoc with B2B-ZR(LF)(SN) from Connector.IntLib
Replace Part J4 2355172-5 in C:\Users\Covid\Desktop\LineCutter\Line Cutter\Sheet1.SchDoc with 2355172-5 from Connector.IntLib
Replace Part J5 Screw in C:\Users\Covid\Desktop\LineCutter\Line Cutter\Sheet1.SchDoc with Screw from Connector.IntLib
Replace Part J6 Screw in C:\Users\Covid\Desktop\LineCutter\Line Cutter\Sheet1.SchDoc with Screw from Connector.IntLib
Replace Part J7 GRPB021VWVN-RC in C:\Users\Covid\Desktop\LineCutter\Line Cutter\Sheet1.SchDoc with GRPB021VWVN-RC from Connector.IntLib
Replace Part L1 VLS5045EX-8R2M in C:\Users\Covid\Desktop\LineCutter\Line Cutter\Sheet1.SchDoc with VLS5045EX-8R2M from Passive_General.IntLib
Replace Part Q1 AO6420 in C:\Users\Covid\Desktop\LineCutter\Line Cutter\Sheet1.SchDoc with AO6420 from MOSFET.IntLib
Replace Part Q2 AO6420 in C:\Users\Covid\Desktop\LineCutter\Line Cutter\Sheet1.SchDoc with AO6420 from MOSFET.IntLib
Replace Part Q3 DMN3009SFG-7 in C:\Users\Covid\Desktop\LineCutter\Line Cutter\Sheet1.SchDoc with DMN3009SFG-7 from MOSFET.IntLib
Replace Part Q4 DMN3009SFG-7 in C:\Users\Covid\Desktop\LineCutter\Line Cutter\Sheet1.SchDoc with DMN3009SFG-7 from MOSFET.IntLib
Replace Part R1 R-G-0402 in C:\Users\Covid\Desktop\LineCutter\Line Cutter\Sheet1.SchDoc with R-G-0402 from Passive_General.IntLib
Replace Part R2 R-G-0805 in C:\Users\Covid\Desktop\LineCutter\Line Cutter\Sheet1.SchDoc with R-G-0805 from Passive_General.IntLib
Replace Part R3 R-G-0603 in C:\Users\Covid\Desktop\LineCutter\Line Cutter\Sheet1.SchDoc with R-G-0603 from Passive_General.IntLib
Replace Part R4 R-G-0402 in C:\Users\Covid\Desktop\LineCutter\Line Cutter\Sheet1.SchDoc with R-G-0402 from Passive_General.IntLib
Replace Part R5 R-G-0603 in C:\Users\Covid\Desktop\LineCutter\Line Cutter\Sheet1.SchDoc with R-G-0603 from Passive_General.IntLib
Replace Part R6 R-G-0402 in C:\Users\Covid\Desktop\LineCutter\Line Cutter\Sheet1.SchDoc with R-G-0402 from Passive_General.IntLib
Replace Part R7 R-G-0603 in C:\Users\Covid\Desktop\LineCutter\Line Cutter\Sheet1.SchDoc with R-G-0603 from Passive_General.IntLib
Replace Part R8 R-G-0603 in C:\Users\Covid\Desktop\LineCutter\Line Cutter\Sheet1.SchDoc with R-G-0603 from Passive_General.IntLib
Replace Part R9 R-G-0603 in C:\Users\Covid\Desktop\LineCutter\Line Cutter\Sheet1.SchDoc with R-G-0603 from Passive_General.IntLib
Replace Part R10 R-G-0603 in C:\Users\Covid\Desktop\LineCutter\Line Cutter\Sheet1.SchDoc with R-G-0603 from Passive_General.IntLib
Replace Part R11 R-G-0402 in C:\Users\Covid\Desktop\LineCutter\Line Cutter\Sheet1.SchDoc with R-G-0402 from Passive_General.IntLib
Replace Part R12 R-G-0402 in C:\Users\Covid\Desktop\LineCutter\Line Cutter\Sheet1.SchDoc with R-G-0402 from Passive_General.IntLib
Replace Part R13 R-G-0402 in C:\Users\Covid\Desktop\LineCutter\Line Cutter\Sheet1.SchDoc with R-G-0402 from Passive_General.IntLib
Replace Part R14 R-G-0603 in C:\Users\Covid\Desktop\LineCutter\Line Cutter\Sheet1.SchDoc with R-G-0603 from Passive_General.IntLib
Replace Part R15 R-G-0603 in C:\Users\Covid\Desktop\LineCutter\Line Cutter\Sheet1.SchDoc with R-G-0603 from Passive_General.IntLib
Replace Part R16 R-G-0402 in C:\Users\Covid\Desktop\LineCutter\Line Cutter\Sheet1.SchDoc with R-G-0402 from Passive_General.IntLib
Replace Part R17 R-G-0402 in C:\Users\Covid\Desktop\LineCutter\Line Cutter\Sheet1.SchDoc with R-G-0402 from Passive_General.IntLib
Replace Part R18 R-G-1206 in C:\Users\Covid\Desktop\LineCutter\Line Cutter\Sheet1.SchDoc with R-G-1206 from Passive_General.IntLib
Replace Part R19 R-G-0402 in C:\Users\Covid\Desktop\LineCutter\Line Cutter\Sheet1.SchDoc with R-G-0402 from Passive_General.IntLib
Replace Part R20 R-G-0402 in C:\Users\Covid\Desktop\LineCutter\Line Cutter\Sheet1.SchDoc with R-G-0402 from Passive_General.IntLib
Replace Part R21 R-G-0402 in C:\Users\Covid\Desktop\LineCutter\Line Cutter\Sheet1.SchDoc with R-G-0402 from Passive_General.IntLib
Replace Part R22 R-G-0603 in C:\Users\Covid\Desktop\LineCutter\Line Cutter\Sheet1.SchDoc with R-G-0603 from Passive_General.IntLib
Replace Part R23 R-G-0402 in C:\Users\Covid\Desktop\LineCutter\Line Cutter\Sheet1.SchDoc with R-G-0402 from Passive_General.IntLib
Replace Part R24 R-G-0402 in C:\Users\Covid\Desktop\LineCutter\Line Cutter\Sheet1.SchDoc with R-G-0402 from Passive_General.IntLib
Replace Part R25 R-G-0402 in C:\Users\Covid\Desktop\LineCutter\Line Cutter\Sheet1.SchDoc with R-G-0402 from Passive_General.IntLib
Replace Part TP1 TestPointS in C:\Users\Covid\Desktop\LineCutter\Line Cutter\Sheet1.SchDoc with TestPointS from TEST_POINT.IntLib
Replace Part TP2 TestPointS in C:\Users\Covid\Desktop\LineCutter\Line Cutter\Sheet1.SchDoc with TestPointS from TEST_POINT.IntLib
Replace Part TP3 Test Point in C:\Users\Covid\Desktop\LineCutter\Line Cutter\Sheet1.SchDoc with Test Point from TEST_POINT.IntLib
Replace Part U1 ISL78201AVEZ-T7A in C:\Users\Covid\Desktop\LineCutter\Line Cutter\Sheet1.SchDoc with ISL78201AVEZ-T7A from Switching Regulator.IntLib
Replace Part U2 ADM1170-1AUJZ-RL7 in C:\Users\Covid\Desktop\LineCutter\Line Cutter\Sheet1.SchDoc with ADM1170-1AUJZ-RL7 from Current Management.IntLib
Replace Part U3 MCP6491T-E/LTY in C:\Users\Covid\Desktop\LineCutter\Line Cutter\Sheet1.SchDoc with MCP6491T-E/LTY from OpAmp.IntLib
Replace Part U3 MCP6491T-E/LTY in C:\Users\Covid\Desktop\LineCutter\Line Cutter\Sheet1.SchDoc with MCP6491T-E/LTY from OpAmp.IntLib
Replace Part U4 MIC5018YM4-TR in C:\Users\Covid\Desktop\LineCutter\Line Cutter\Sheet1.SchDoc with MIC5018YM4-TR from Transister Gate Driver.IntLib
Replace Part U5 TC2014-3.3VCTTR in C:\Users\Covid\Desktop\LineCutter\Line Cutter\Sheet1.SchDoc with TC2014-3.3VCTTR from LinearRegulator.IntLib
Replace Part U6 MIC5018YM4-TR in C:\Users\Covid\Desktop\LineCutter\Line Cutter\Sheet1.SchDoc with MIC5018YM4-TR from Transister Gate Driver.IntLib
