Removed Pin From Net: NetName=PWR Pin=C1-+
Removed Pin From Net: NetName=GND Pin=C1--
Removed Pin From Net: NetName=PWR Pin=C2-2
Removed Pin From Net: NetName=NetC3_2 Pin=C3-2
Removed Pin From Net: NetName=V_CAP Pin=C4-+
Removed Pin From Net: NetName=GND Pin=C4--
Removed Pin From Net: NetName=GND Pin=C5-1
Removed Pin From Net: NetName=V_CAP Pin=C5-2
Removed Pin From Net: NetName=GND Pin=C6-1
Removed Pin From Net: NetName=CHARGE_EN Pin=C8-2
Removed Pin From Net: NetName=V_CAP Pin=C9-2
Removed Pin From Net: NetName=3V3 Pin=C11-2
Removed Pin From Net: NetName=PWR Pin=C14-2
Removed Pin From Net: NetName=Gate2 Pin=C15-2
Removed Pin From Net: NetName=Gate1 Pin=C16-2
Removed Pin From Net: NetName=V_CAP Pin=C17-2
Removed Pin From Net: NetName=VUSB Pin=C18-2
Removed Pin From Net: NetName=3V3 Pin=C19-2
Removed Pin From Net: NetName=VUSB Pin=C25-1
Removed Pin From Net: NetName=GND Pin=C25-2
Removed Pin From Net: NetName=GND Pin=C26-1
Removed Pin From Net: NetName=3V3 Pin=C26-2
Removed Pin From Net: NetName=CAPC_EN Pin=C27-1
Removed Pin From Net: NetName=GND Pin=C27-2
Removed Pin From Net: NetName=NetD1_2 Pin=D1-2
Removed Pin From Net: NetName=USB_P Pin=D5-1
Removed Pin From Net: NetName=GND Pin=D5-2
Removed Pin From Net: NetName=VUSB Pin=D5-5
Removed Pin From Net: NetName=USB_N Pin=D5-6
Removed Pin From Net: NetName=SW_DIO Pin=D6-2
Removed Pin From Net: NetName=SW_CLK Pin=D7-2
Removed Pin From Net: NetName=3V3 Pin=D8-2
Removed Pin From Net: NetName=GND Pin=D9-1
Removed Pin From Net: NetName=SW_NRST Pin=D9-2
Removed Pin From Net: NetName=VUSB Pin=J1-1
Removed Pin From Net: NetName=USB_N Pin=J1-2
Removed Pin From Net: NetName=USB_P Pin=J1-3
Removed Pin From Net: NetName=GND Pin=J1-5
Removed Pin From Net: NetName=GND Pin=J1-S
Removed Pin From Net: NetName=GND Pin=J1-S
Removed Pin From Net: NetName=GND Pin=J1-S
Removed Pin From Net: NetName=GND Pin=J1-S
Removed Pin From Net: NetName=GND Pin=J1-S
Removed Pin From Net: NetName=GND Pin=J1-S
Removed Pin From Net: NetName=3V3 Pin=J2-1
Removed Pin From Net: NetName=SW_NRST Pin=J2-3
Removed Pin From Net: NetName=SW_CLK Pin=J2-4
Removed Pin From Net: NetName=SW_DIO Pin=J2-5
Removed Pin From Net: NetName=GND Pin=J3-1
Removed Pin From Net: NetName=PWR Pin=J3-2
Removed Pin From Net: NetName=CAP Pin=J4-1
Removed Pin From Net: NetName=Gate2 Pin=J4-3
Removed Pin From Net: NetName=GND Pin=J4-4
Removed Pin From Net: NetName=Gate1 Pin=J4-5
Removed Pin From Net: NetName=NetD1_2 Pin=L1-2
Removed Pin From Net: NetName=VUSB Pin=Q1-3
Removed Pin From Net: NetName=VUSB Pin=Q1-4
Removed Pin From Net: NetName=GND Pin=Q2-4
Removed Pin From Net: NetName=GND Pin=R2-1
Removed Pin From Net: NetName=USB_P Pin=R3-1
Removed Pin From Net: NetName=NetC12_1 Pin=R5-1
Removed Pin From Net: NetName=V_CAP Pin=R5-2
Removed Pin From Net: NetName=RESET Pin=R6-1
Removed Pin From Net: NetName=SW_NRST Pin=R6-2
Removed Pin From Net: NetName=SCL Pin=R7-1
Removed Pin From Net: NetName=3V3 Pin=R7-2
Removed Pin From Net: NetName=NetC13_2 Pin=R9-1
Removed Pin From Net: NetName=NetC12_2 Pin=R9-2
Removed Pin From Net: NetName=GND Pin=R10-1
Removed Pin From Net: NetName=SDA Pin=R11-1
Removed Pin From Net: NetName=3V3 Pin=R11-2
Removed Pin From Net: NetName=SCL Pin=R12-1
Removed Pin From Net: NetName=3V3 Pin=R12-2
Removed Pin From Net: NetName=GND Pin=R13-1
Removed Pin From Net: NetName=GND Pin=R14-1
Removed Pin From Net: NetName=GND Pin=R15-1
Removed Pin From Net: NetName=NetC12_1 Pin=R15-2
Removed Pin From Net: NetName=USB_N Pin=R17-1
Removed Pin From Net: NetName=SNS_VCAP Pin=R21-1
Removed Pin From Net: NetName=CAP Pin=R21-2
Removed Pin From Net: NetName=GND Pin=R23-1
Removed Pin From Net: NetName=SNS_VCAP Pin=R23-2
Removed Pin From Net: NetName=V_CAP Pin=TP2-1
Removed Pin From Net: NetName=CAP Pin=TP3-1
Removed Pin From Net: NetName=CAPC_EN Pin=TP4-1
Removed Pin From Net: NetName=Gate2 Pin=TP5-1
Removed Pin From Net: NetName=Gate1 Pin=TP6-1
Removed Pin From Net: NetName=3V3 Pin=TP7-1
Removed Pin From Net: NetName=PWR Pin=TP8-1
Removed Pin From Net: NetName=PWR Pin=U1-3
Removed Pin From Net: NetName=PWR Pin=U1-4
Removed Pin From Net: NetName=NetR3_2 Pin=U4-35
Removed Pin From Net: NetName=3V3 Pin=U6-1
Removed Pin From Net: NetName=SCL Pin=U6-2
Removed Pin From Net: NetName=SDA Pin=U6-3
Removed Pin From Net: NetName=3V3 Pin=U6-5
Removed Pin From Net: NetName=IMU_INT Pin=U6-6
Removed Pin From Net: NetName=GND Pin=U6-7
Removed Pin From Net: NetName=GND Pin=U6-8
Removed Pin From Net: NetName=GND Pin=U6-9
Removed Pin From Net: NetName=GND Pin=U6-10
Removed Pin From Net: NetName=GND Pin=U6-11
Removed Pin From Net: NetName=GND Pin=U6-12
Removed Pin From Net: NetName=GND Pin=U6-13
Removed Pin From Net: NetName=GND Pin=U6-15
Removed Pin From Net: NetName=3V3 Pin=U6-16
Removed Pin From Net: NetName=VUSB Pin=U8-1
Removed Pin From Net: NetName=GND Pin=U8-2
Removed Pin From Net: NetName=VUSB Pin=U8-5
Change Component Footprint: Designator=J2 Old Footprint=2355172-5 New Footprint=JST XH B5B-XH-A
Change Component Footprint: Designator=C5 Old Footprint=CAPC1210X15N New Footprint=CAPC1508X03N
Change Component Footprint: Designator=C14 Old Footprint=CAPC1210X15N New Footprint=CAPC1508X03N
Change Component Footprint: Designator=C2 Old Footprint=CAPC1508X03N New Footprint=CAPC1210X15N
Change Component Footprint: Designator=C7 Old Footprint=CAPC1508X03N New Footprint=CAPC1210X15N
Change Component Footprint: Designator=C3 Old Footprint=CAPC1508X03N New Footprint=Dia 6.3mm
Change Component Footprint: Designator=C10 Old Footprint=CAPC1508X03N New Footprint=RESC0402
Change Component Footprint: Designator=C11 Old Footprint=CAPC1508X03N New Footprint=RESC0402
Change Component Footprint: Designator=C17 Old Footprint=CAPC1508X03N New Footprint=RESC0402
Change Component Footprint: Designator=C18 Old Footprint=CAPC1508X03N New Footprint=RESC0402
Change Component Footprint: Designator=C25 Old Footprint=CAPC1508X03N New Footprint=RESC0402
Change Component Footprint: Designator=C27 Old Footprint=CAPC1508X03N New Footprint=RESC0402
Change Component Footprint: Designator=R7 Old Footprint=CAPC1508X03N New Footprint=RESC0402
Change Component Footprint: Designator=R10 Old Footprint=CAPC1508X03N New Footprint=RESC0402
Change Component Footprint: Designator=R11 Old Footprint=CAPC1508X03N New Footprint=RESC0402
Change Component Footprint: Designator=R14 Old Footprint=CAPC1508X03N New Footprint=RESC0402
Change Component Footprint: Designator=R15 Old Footprint=CAPC1508X03N New Footprint=RESC0402
Change Component Footprint: Designator=C1 Old Footprint=Dia 6.3mm New Footprint=CAPC1508X03N
Change Component Footprint: Designator=C4 Old Footprint=Dia 6.3mm New Footprint=CAPC1508X03N
Change Component Footprint: Designator=J1 Old Footprint=FCI USB 10118193-0001LF New Footprint=JST XH B2B-XH-A
Change Component Footprint: Designator=J3 Old Footprint=JST XH B2B-XH-A New Footprint=FCI USB 10118193-0001LF
Change Component Footprint: Designator=J4 Old Footprint=JST XH B5B-XH-A New Footprint=2355172-5
Change Component Footprint: Designator=U6 Old Footprint=LGA16_I62_IVS New Footprint=SOT23-5
Change Component Footprint: Designator=D5 Old Footprint=ONSC-TSOP-6-318G-02_V New Footprint=SOD323
Change Component Footprint: Designator=C9 Old Footprint=RESC0402 New Footprint=CAPC1508X03N
Change Component Footprint: Designator=C19 Old Footprint=RESC0402 New Footprint=CAPC1508X03N
Change Component Footprint: Designator=C20 Old Footprint=RESC0402 New Footprint=CAPC1508X03N
Change Component Footprint: Designator=C21 Old Footprint=RESC0402 New Footprint=CAPC1508X03N
Change Component Footprint: Designator=C26 Old Footprint=RESC0402 New Footprint=CAPC1508X03N
Change Component Footprint: Designator=R2 Old Footprint=RESC0402 New Footprint=CAPC1508X03N
Change Component Footprint: Designator=R4 Old Footprint=RESC0402 New Footprint=CAPC1508X03N
Change Component Footprint: Designator=R12 Old Footprint=RESC0402 New Footprint=CAPC1508X03N
Change Component Footprint: Designator=R17 Old Footprint=RESC0402 New Footprint=CAPC1508X03N
Change Component Footprint: Designator=C6 Old Footprint=RESC0402 New Footprint=Dia 6.3mm
Change Component Footprint: Designator=U8 Old Footprint=SOT23-5 New Footprint=LGA16_I62_IVS
Change Component Footprint: Designator=TP1 Old Footprint=TP2 New Footprint=TP
Change Component Footprint: Designator=TP4 Old Footprint=TP2 New Footprint=TP
Change Component Footprint: Designator=TP5 Old Footprint=TP2 New Footprint=TP
Change Component Footprint: Designator=TP2 Old Footprint=TP New Footprint=TP2
Change Component Footprint: Designator=TP3 Old Footprint=TP New Footprint=TP2
Change Component Footprint: Designator=TP7 Old Footprint=TP New Footprint=TP2
Change Component Comment : Designator=C22 Old Comment=0.1uF New Comment=0.47uF
Change Component Comment : Designator=C8 Old Comment=0.1uF New Comment=1uF
Change Component Comment : Designator=C20 Old Comment=0.1uF New Comment=1uF
Change Component Comment : Designator=C21 Old Comment=0.1uF New Comment=1uF
Change Component Comment : Designator=C9 Old Comment=0.1uF New Comment=4.7uF
Change Component Comment : Designator=C26 Old Comment=0.1uF New Comment=4.7uF
Change Component Comment : Designator=C3 Old Comment=0.22uF New Comment=220uF
Change Component Comment : Designator=C17 Old Comment=0.47uF New Comment=9pF
Change Component Comment : Designator=C19 Old Comment=0.47uF New Comment=10nF
Change Component Comment : Designator=C11 Old Comment=1uF New Comment=0.1uF
Change Component Comment : Designator=C18 Old Comment=1uF New Comment=9pF
Change Component Comment : Designator=C6 Old Comment=1uF New Comment=220uF
Change Component Comment : Designator=C25 Old Comment=4.7uF New Comment=0.1uF
Change Component Comment : Designator=C2 Old Comment=4.7uF New Comment=47uF
Change Component Comment : Designator=C7 Old Comment=4.7uF New Comment=47uF
Change Component Comment : Designator=R14 Old Comment=4.99kOhm New Comment=27 Ohm
Change Component Comment : Designator=C28 Old Comment=9pF New Comment=0.1uF
Change Component Comment : Designator=C29 Old Comment=9pF New Comment=0.1uF
Change Component Comment : Designator=R15 Old Comment=10.7kOhm New Comment=10kOhm
Change Component Comment : Designator=R11 Old Comment=10kOhm New Comment=4.99kOhm
Change Component Comment : Designator=R7 Old Comment=10kOhm New Comment=15kOhm
Change Component Comment : Designator=R12 Old Comment=10kOhm New Comment=100 Ohm
Change Component Comment : Designator=C10 Old Comment=10nF New Comment=0.1uF
Change Component Comment : Designator=R13 Old Comment=15kOhm New Comment=27 Ohm
Change Component Comment : Designator=R17 Old Comment=27 Ohm New Comment=10kOhm
Change Component Comment : Designator=R3 Old Comment=27 Ohm New Comment=301kOhm
Change Component Comment : Designator=R5 Old Comment=29.4kOhm New Comment=160kOhm
Change Component Comment : Designator=C5 Old Comment=47uF New Comment=0.22uF
Change Component Comment : Designator=C14 Old Comment=47uF New Comment=0.47uF
Change Component Comment : Designator=R4 Old Comment=100kOhm New Comment=250kOhm
Change Component Comment : Designator=R6 Old Comment=100 Ohm New Comment=160kOhm
Change Component Comment : Designator=R10 Old Comment=160kOhm New Comment=4.99kOhm
Change Component Comment : Designator=R9 Old Comment=160kOhm New Comment=10.7kOhm
Change Component Comment : Designator=C4 Old Comment=220uF New Comment=0.1uF
Change Component Comment : Designator=C1 Old Comment=220uF New Comment=4.7uF
Change Component Comment : Designator=R8 Old Comment=250kOhm New Comment=4.99kOhm
Change Component Comment : Designator=R2 Old Comment=301kOhm New Comment=29.4kOhm
Change Component Comment : Designator=J2 Old Comment=2355172-5 New Comment=B5B-XH-A(LF)(SN)
Change Component Comment : Designator=J1 Old Comment=10118193-0001LF New Comment=B2B-XH-A(LF)(SN)
Change Component Comment : Designator=Q2 Old Comment=AO6420 New Comment=IRLMS6702TRPBF
Change Component Comment : Designator=J3 Old Comment=B2B-XH-A(LF)(SN) New Comment=10118193-0001LF
Change Component Comment : Designator=J4 Old Comment=B5B-XH-A(LF)(SN) New Comment=2355172-5
Change Component Comment : Designator=U6 Old Comment=ICM-20602 New Comment=NJM2871BF33-TE1
Change Component Comment : Designator=Q1 Old Comment=IRLMS6702TRPBF New Comment=AO6420
Change Component Comment : Designator=U8 Old Comment=NJM2871BF33-TE1 New Comment=ICM-20602
Change Component Comment : Designator=D5 Old Comment=SNUP2114UCMR6T1G New Comment=DESD5V0U1BA-7
Change Managed Component Library Link : Designator=D5 Old VaultGUID=B7D15EC3-160A-466F-A46C-7801FE6295A7 New VaultGUID= Old ItemGUID=11862D72-A11B-4993-9FD7-073E9007F5E7 New ItemGUID= Old RevisionGUID=E4F3EC14-B57A-474B-BA1D-D85143B1CD19 New RevisionGUID=
Change component parameters: Designator = "Q1" ("Q1"); Footprint = "SOT-23"; UniqueID = "\HRUMSKYZ" ("\HRUMSKYZ")
Change component parameters (AddParameter): Name = "ComponentLink1Description"; Value = "New link"; VariantName = "[No Variations]"
Change component parameters (AddParameter): Name = "ComponentLink1URL"; Value = "https://www.digikey.com/en/products/detail/alpha-omega-semiconductor-inc/AO6420/2353871?s=N4IgTCBcDaIIYHsBsAWMAGEBdAvkA"; VariantName = "[No Variations]"
Change component parameters: Designator = "Q2" ("Q2"); Footprint = "SOT-23"; UniqueID = "\EAGVPUUR" ("\EAGVPUUR")
Change component parameters (AddParameter): Name = "ComponentLink1Description"; Value = "New link"; VariantName = "[No Variations]"
Change component parameters (AddParameter): Name = "ComponentLink1URL"; Value = "https://www.digikey.com/en/products/detail/infineon-technologies/IRLMS6702TRPBF/811453"; VariantName = "[No Variations]"
Change component parameters: Designator = "U6" ("U6"); Footprint = "LGA16_I62_IVS"; UniqueID = "\HMHOFSIE" ("\HMHOFSIE")
Change component parameters: Designator = "U8" ("U8"); Footprint = "SOT23-5"; UniqueID = "\AIZYQZOO" ("\AIZYQZOO")
Change component parameters (AddParameter): Name = "Copyright"; Value = "Copyright (C) 2022 Ultra Librarian. All rights reserved."; VariantName = "[No Variations]"
Change component parameters (AddParameter): Name = "Digi-Key_Part_Number_1"; Value = "1428-1060-1-ND"; VariantName = "[No Variations]"
Change component parameters (AddParameter): Name = "Digi-Key_Part_Number_2"; Value = "1428-1060-2-ND"; VariantName = "[No Variations]"
Change component parameters (AddParameter): Name = "Digi-Key_Part_Number_3"; Value = "1428-1060-2-NDL"; VariantName = "[No Variations]"
Change component parameters (AddParameter): Name = "Digi-Key_Part_Number_4"; Value = "1428-1060-6-ND"; VariantName = "[No Variations]"
Change component parameters (AddParameter): Name = "Manufacturer_Part_Number"; Value = "ICM-20602"; VariantName = "[No Variations]"
Change component parameters (AddParameter): Name = "Mfr_Name"; Value = "InvenSense"; VariantName = "[No Variations]"
Change component parameters (AddParameter): Name = "RefDes"; Value = "RefDes"; VariantName = "[No Variations]"
Change component parameters (AddParameter): Name = "Type"; Value = "DEV"; VariantName = "[No Variations]"
Change component parameters: Designator = "J2" ("J2"); Footprint = "2355172-5"; UniqueID = "\ZIDMICYD" ("\ZIDMICYD")
Change component parameters (AddParameter): Name = "ComponentLink1Description"; Value = "Datasheet"; VariantName = "[No Variations]"
Change component parameters (AddParameter): Name = "ComponentLink1URL"; Value = "http://www.jst-mfg.com/product/pdf/eng/eXH.pdf"; VariantName = "[No Variations]"
Change component parameters (AddParameter): Name = "ComponentLink2Description"; Value = "DigiKey Link"; VariantName = "[No Variations]"
Change component parameters (AddParameter): Name = "ComponentLink2URL"; Value = "http://digikey.com/product-detail/en/jst-sales-america-inc/B5B-XH-A-LF-SN/455-2270-ND/1530483"; VariantName = "[No Variations]"
Change component parameters (AddParameter): Name = "Connector Type"; Value = "Header"; VariantName = "[No Variations]"
Change component parameters (AddParameter): Name = "Contact Finish - Mating"; Value = "Tin"; VariantName = "[No Variations]"
Change component parameters (AddParameter): Name = "Contact Finish - Post"; Value = "Tin"; VariantName = "[No Variations]"
Change component parameters (AddParameter): Name = "Contact Length - Post"; Value = "0.134" (3.40mm)"; VariantName = "[No Variations]"
Change component parameters (AddParameter): Name = "Contact Material"; Value = "Brass"; VariantName = "[No Variations]"
Change component parameters (AddParameter): Name = "Contact Shape"; Value = "Square"; VariantName = "[No Variations]"
Change component parameters (AddParameter): Name = "Contact Type"; Value = "Male Pin"; VariantName = "[No Variations]"
Change component parameters (AddParameter): Name = "Current Rating (Amps)"; Value = "3A"; VariantName = "[No Variations]"
Change component parameters (AddParameter): Name = "Fastening Type"; Value = "Detent Lock"; VariantName = "[No Variations]"
Change component parameters (AddParameter): Name = "Insulation Color"; Value = "Natural"; VariantName = "[No Variations]"
Change component parameters (AddParameter): Name = "Insulation Height"; Value = "0.276" (7.00mm)"; VariantName = "[No Variations]"
Change component parameters (AddParameter): Name = "Insulation Material"; Value = "Polyamide (PA66), Nylon 6/6"; VariantName = "[No Variations]"
Change component parameters (AddParameter): Name = "LastUpdated"; Value = "1/12/2020 11:46:46 PM"; VariantName = "[No Variations]"
Change component parameters (AddParameter): Name = "Lifecycle Status"; Value = "Active"; VariantName = "[No Variations]"
Change component parameters (AddParameter): Name = "Manufacturer"; Value = "JST Sales America Inc."; VariantName = "[No Variations]"
Change component parameters (AddParameter): Name = "Material Flammability Rating"; Value = "UL94 V-0"; VariantName = "[No Variations]"
Change component parameters (AddParameter): Name = "Minimum Order"; Value = "1"; VariantName = "[No Variations]"
Change component parameters (AddParameter): Name = "Mounting Type"; Value = "Through Hole"; VariantName = "[No Variations]"
Change component parameters (AddParameter): Name = "Number of Positions"; Value = "5"; VariantName = "[No Variations]"
Change component parameters (AddParameter): Name = "Number of Positions Loaded"; Value = "All"; VariantName = "[No Variations]"
Change component parameters (AddParameter): Name = "Number of Rows"; Value = "1"; VariantName = "[No Variations]"
Change component parameters (AddParameter): Name = "Operating Temperature"; Value = "-25°C ~ 85°C"; VariantName = "[No Variations]"
Change component parameters (AddParameter): Name = "Packaging"; Value = "Bulk"; VariantName = "[No Variations]"
Change component parameters (AddParameter): Name = "Part Number"; Value = "B5B-XH-A(LF)(SN)"; VariantName = "[No Variations]"
Change component parameters (AddParameter): Name = "Part Status"; Value = "Active"; VariantName = "[No Variations]"
Change component parameters (AddParameter): Name = "PartId"; Value = "70"; VariantName = "[No Variations]"
Change component parameters (AddParameter): Name = "Pitch - Mating"; Value = "0.098" (2.50mm)"; VariantName = "[No Variations]"
Change component parameters (AddParameter): Name = "Price"; Value = "0.25"; VariantName = "[No Variations]"
Change component parameters (AddParameter): Name = "Series"; Value = "XH"; VariantName = "[No Variations]"
Change component parameters (AddParameter): Name = "Shrouding"; Value = "Shrouded - 4 Wall"; VariantName = "[No Variations]"
Change component parameters (AddParameter): Name = "Style"; Value = "Board to Cable/Wire"; VariantName = "[No Variations]"
Change component parameters (AddParameter): Name = "Supplier 1"; Value = "DigiKey"; VariantName = "[No Variations]"
Change component parameters (AddParameter): Name = "Supplier Part Number 1"; Value = "455-2270-ND"; VariantName = "[No Variations]"
Change component parameters (AddParameter): Name = "Termination"; Value = "Press-Fit, Solder"; VariantName = "[No Variations]"
Change component parameters (AddParameter): Name = "Voltage Rating"; Value = "250V"; VariantName = "[No Variations]"
Change component parameters: Designator = "J4" ("J4"); Footprint = "JST XH B5B-XH-A"; UniqueID = "\GWAYDQXM" ("\GWAYDQXM")
Change component parameters (AddParameter): Name = "ComponentLink1Description"; Value = "New link"; VariantName = "[No Variations]"
Change component parameters (AddParameter): Name = "ComponentLink1URL"; Value = "https://www.digikey.com/en/products/detail/te-connectivity-amp-connectors/2355172-5/11502911"; VariantName = "[No Variations]"
Change component parameters: Designator = "J1" ("J1"); Footprint = "FCI USB 10118193-0001LF"; UniqueID = "\BOOXXPLN" ("\BOOXXPLN")
Change component parameters (AddParameter): Name = "ComponentLink1Description"; Value = "Datasheet"; VariantName = "[No Variations]"
Change component parameters (AddParameter): Name = "ComponentLink1URL"; Value = "http://www.jst-mfg.com/product/pdf/eng/eXH.pdf"; VariantName = "[No Variations]"
Change component parameters (AddParameter): Name = "ComponentLink2Description"; Value = "DigiKey Link"; VariantName = "[No Variations]"
Change component parameters (AddParameter): Name = "ComponentLink2URL"; Value = "http://digikey.com/product-detail/en/jst-sales-america-inc/B2B-XH-A-LF-SN/455-2247-ND/1651045"; VariantName = "[No Variations]"
Change component parameters (AddParameter): Name = "Connector Type"; Value = "Header"; VariantName = "[No Variations]"
Change component parameters (AddParameter): Name = "Contact Finish - Mating"; Value = "Tin"; VariantName = "[No Variations]"
Change component parameters (AddParameter): Name = "Contact Finish - Post"; Value = "Tin"; VariantName = "[No Variations]"
Change component parameters (AddParameter): Name = "Contact Length - Post"; Value = "0.134" (3.40mm)"; VariantName = "[No Variations]"
Change component parameters (AddParameter): Name = "Contact Material"; Value = "Brass"; VariantName = "[No Variations]"
Change component parameters (AddParameter): Name = "Contact Shape"; Value = "Square"; VariantName = "[No Variations]"
Change component parameters (AddParameter): Name = "Contact Type"; Value = "Male Pin"; VariantName = "[No Variations]"
Change component parameters (AddParameter): Name = "Current Rating (Amps)"; Value = "3A"; VariantName = "[No Variations]"
Change component parameters (AddParameter): Name = "Fastening Type"; Value = "Detent Lock"; VariantName = "[No Variations]"
Change component parameters (AddParameter): Name = "Insulation Color"; Value = "Natural"; VariantName = "[No Variations]"
Change component parameters (AddParameter): Name = "Insulation Height"; Value = "0.276" (7.00mm)"; VariantName = "[No Variations]"
Change component parameters (AddParameter): Name = "Insulation Material"; Value = "Polyamide (PA66), Nylon 6/6"; VariantName = "[No Variations]"
Change component parameters (AddParameter): Name = "LastUpdated"; Value = "1/12/2020 11:46:08 PM"; VariantName = "[No Variations]"
Change component parameters (AddParameter): Name = "Lifecycle Status"; Value = "Active"; VariantName = "[No Variations]"
Change component parameters (AddParameter): Name = "Manufacturer"; Value = "JST Sales America Inc."; VariantName = "[No Variations]"
Change component parameters (AddParameter): Name = "Material Flammability Rating"; Value = "UL94 V-0"; VariantName = "[No Variations]"
Change component parameters (AddParameter): Name = "Minimum Order"; Value = "1"; VariantName = "[No Variations]"
Change component parameters (AddParameter): Name = "Mounting Type"; Value = "Through Hole"; VariantName = "[No Variations]"
Change component parameters (AddParameter): Name = "Number of Positions"; Value = "2"; VariantName = "[No Variations]"
Change component parameters (AddParameter): Name = "Number of Positions Loaded"; Value = "All"; VariantName = "[No Variations]"
Change component parameters (AddParameter): Name = "Number of Rows"; Value = "1"; VariantName = "[No Variations]"
Change component parameters (AddParameter): Name = "Operating Temperature"; Value = "-25°C ~ 85°C"; VariantName = "[No Variations]"
Change component parameters (AddParameter): Name = "Packaging"; Value = "Bulk"; VariantName = "[No Variations]"
Change component parameters (AddParameter): Name = "Part Number"; Value = "B2B-XH-A(LF)(SN)"; VariantName = "[No Variations]"
Change component parameters (AddParameter): Name = "Part Status"; Value = "Active"; VariantName = "[No Variations]"
Change component parameters (AddParameter): Name = "PartId"; Value = "67"; VariantName = "[No Variations]"
Change component parameters (AddParameter): Name = "Pitch - Mating"; Value = "0.098" (2.50mm)"; VariantName = "[No Variations]"
Change component parameters (AddParameter): Name = "Price"; Value = "0.15"; VariantName = "[No Variations]"
Change component parameters (AddParameter): Name = "Series"; Value = "XH"; VariantName = "[No Variations]"
Change component parameters (AddParameter): Name = "Shrouding"; Value = "Shrouded - 4 Wall"; VariantName = "[No Variations]"
Change component parameters (AddParameter): Name = "Style"; Value = "Board to Cable/Wire"; VariantName = "[No Variations]"
Change component parameters (AddParameter): Name = "Supplier 1"; Value = "DigiKey"; VariantName = "[No Variations]"
Change component parameters (AddParameter): Name = "Supplier Part Number 1"; Value = "455-2247-ND"; VariantName = "[No Variations]"
Change component parameters (AddParameter): Name = "Termination"; Value = "Press-Fit, Solder"; VariantName = "[No Variations]"
Change component parameters (AddParameter): Name = "Voltage Rating"; Value = "250V"; VariantName = "[No Variations]"
Change component parameters: Designator = "J3" ("J3"); Footprint = "JST XH B2B-XH-A"; UniqueID = "\AYAKMNXS" ("\AYAKMNXS")
Change component parameters (AddParameter): Name = "ComponentLink1Description"; Value = "Datasheet"; VariantName = "[No Variations]"
Change component parameters (AddParameter): Name = "ComponentLink1URL"; Value = "https://cdn.amphenol-icc.com/media/wysiwyg/files/documentation/datasheet/inputoutput/io_usb_micro.pdf"; VariantName = "[No Variations]"
Change component parameters (AddParameter): Name = "ComponentLink2Description"; Value = "DigiKey Link"; VariantName = "[No Variations]"
Change component parameters (AddParameter): Name = "ComponentLink2URL"; Value = "//digikey.com/product-detail/en/amphenol-icc-fci/10118193-0001LF/609-4616-2-ND/2785388"; VariantName = "[No Variations]"
Change component parameters (AddParameter): Name = "Connector Type"; Value = "USB - micro B"; VariantName = "[No Variations]"
Change component parameters (AddParameter): Name = "Current Rating (Amps)"; Value = "1.8A per Contact"; VariantName = "[No Variations]"
Change component parameters (AddParameter): Name = "Features"; Value = "Solder Retention"; VariantName = "[No Variations]"
Change component parameters (AddParameter): Name = "Gender"; Value = "Receptacle"; VariantName = "[No Variations]"
Change component parameters (AddParameter): Name = "LastUpdated"; Value = "12/9/2019 8:51:28 PM"; VariantName = "[No Variations]"
Change component parameters (AddParameter): Name = "Lifecycle Status"; Value = "0"; VariantName = "[No Variations]"
Change component parameters (AddParameter): Name = "Manufacturer"; Value = "Amphenol ICC (FCI)"; VariantName = "[No Variations]"
Change component parameters (AddParameter): Name = "Mating Cycles"; Value = "10000"; VariantName = "[No Variations]"
Change component parameters (AddParameter): Name = "Minimum Order"; Value = "1"; VariantName = "[No Variations]"
Change component parameters (AddParameter): Name = "Mounting Feature"; Value = "Horizontal"; VariantName = "[No Variations]"
Change component parameters (AddParameter): Name = "Mounting Type"; Value = "Surface Mount, Right Angle; Through Hole"; VariantName = "[No Variations]"
Change component parameters (AddParameter): Name = "Number of Contacts"; Value = "5"; VariantName = "[No Variations]"
Change component parameters (AddParameter): Name = "Number of Ports"; Value = "1"; VariantName = "[No Variations]"
Change component parameters (AddParameter): Name = "Operating Temperature"; Value = "-30°C ~ 80°C"; VariantName = "[No Variations]"
Change component parameters (AddParameter): Name = "Packaging"; Value = "TapeAndReel"; VariantName = "[No Variations]"
Change component parameters (AddParameter): Name = "Part Number"; Value = "10118193-0001LF"; VariantName = "[No Variations]"
Change component parameters (AddParameter): Name = "Part Status"; Value = "Active"; VariantName = "[No Variations]"
Change component parameters (AddParameter): Name = "Price"; Value = "0.21"; VariantName = "[No Variations]"
Change component parameters (AddParameter): Name = "Series"; Value = "-"; VariantName = "[No Variations]"
Change component parameters (AddParameter): Name = "Shielding"; Value = "Shielded"; VariantName = "[No Variations]"
Change component parameters (AddParameter): Name = "Specifications"; Value = "USB 2.0"; VariantName = "[No Variations]"
Change component parameters (AddParameter): Name = "Supplier 1"; Value = "DigiKey"; VariantName = "[No Variations]"
Change component parameters (AddParameter): Name = "Supplier Part Number 1"; Value = "609-4616-2-ND"; VariantName = "[No Variations]"
Change component parameters (AddParameter): Name = "Termination"; Value = "Solder"; VariantName = "[No Variations]"
Change component parameters (AddParameter): Name = "Voltage - Rated"; Value = "100VAC"; VariantName = "[No Variations]"
Change component parameters: Designator = "D5" ("D5"); Footprint = "ONSC-TSOP-6-318G-02_V"; UniqueID = "\MZDOLUBJ" ("\MZDOLUBJ")
Change component parameters (AddParameter): Name = "Applications"; Value = "General Purpose"; VariantName = "[No Variations]"
Change component parameters (AddParameter): Name = "Bidirectional Channels"; Value = "1"; VariantName = "[No Variations]"
Change component parameters (AddParameter): Name = "Capacitance @ Frequency"; Value = "2.9pF @ 1MHz"; VariantName = "[No Variations]"
Change component parameters (AddParameter): Name = "ComponentLink1Description"; Value = "Datasheet"; VariantName = "[No Variations]"
Change component parameters (AddParameter): Name = "ComponentLink1URL"; Value = "https://www.diodes.com/assets/Datasheets/DESD5V0U1BA.pdf"; VariantName = "[No Variations]"
Change component parameters (AddParameter): Name = "ComponentLink2Description"; Value = "DigiKey Link"; VariantName = "[No Variations]"
Change component parameters (AddParameter): Name = "ComponentLink2URL"; Value = "http://digikey.com/product-detail/en/diodes-incorporated/DESD5V0U1BA-7/DESD5V0U1BA-7DICT-ND/5371911"; VariantName = "[No Variations]"
Change component parameters (AddParameter): Name = "Current - Peak Pulse (10/1000µs)"; Value = "3A (8/20µs)"; VariantName = "[No Variations]"
Change component parameters (AddParameter): Name = "LastUpdated"; Value = "9/2/2020 1:28:29 AM"; VariantName = "[No Variations]"
Change component parameters (AddParameter): Name = "Lifecycle Status"; Value = "Active"; VariantName = "[No Variations]"
Change component parameters (AddParameter): Name = "Manufacturer"; Value = "Diodes Incorporated"; VariantName = "[No Variations]"
Change component parameters (AddParameter): Name = "Minimum Order"; Value = "1"; VariantName = "[No Variations]"
Change component parameters (AddParameter): Name = "Mounting Type"; Value = "Surface Mount"; VariantName = "[No Variations]"
Change component parameters (AddParameter): Name = "Operating Temperature"; Value = "-65°C ~ 150°C (TJ)"; VariantName = "[No Variations]"
Change component parameters (AddParameter): Name = "Package / Case"; Value = "SC-76, SOD-323"; VariantName = "[No Variations]"
Change component parameters (AddParameter): Name = "Packaging"; Value = "TapeAndReel"; VariantName = "[No Variations]"
Change component parameters (AddParameter): Name = "Part Number"; Value = "DESD5V0U1BA-7"; VariantName = "[No Variations]"
Change component parameters (AddParameter): Name = "Part Status"; Value = "Active"; VariantName = "[No Variations]"
Change component parameters (AddParameter): Name = "PartId"; Value = "9987"; VariantName = "[No Variations]"
Change component parameters (AddParameter): Name = "Power Line Protection"; Value = "No"; VariantName = "[No Variations]"
Change component parameters (AddParameter): Name = "Price"; Value = "0.05"; VariantName = "[No Variations]"
Change component parameters (AddParameter): Name = "Series"; Value = "-"; VariantName = "[No Variations]"
Change component parameters (AddParameter): Name = "Supplier 1"; Value = "DigiKey"; VariantName = "[No Variations]"
Change component parameters (AddParameter): Name = "Supplier Device Package"; Value = "SOD-323"; VariantName = "[No Variations]"
Change component parameters (AddParameter): Name = "Supplier Part Number 1"; Value = "DESD5V0U1BA-7DICT-ND"; VariantName = "[No Variations]"
Change component parameters (AddParameter): Name = "Type"; Value = "Zener"; VariantName = "[No Variations]"
Change component parameters (AddParameter): Name = "Voltage - Breakdown (Min)"; Value = "5.5V"; VariantName = "[No Variations]"
Change component parameters (AddParameter): Name = "Voltage - Clamping (Max) @ Ipp"; Value = "7.2V (Typ)"; VariantName = "[No Variations]"
Change component parameters (AddParameter): Name = "Voltage - Reverse Standoff (Typ)"; Value = "5V (Max)"; VariantName = "[No Variations]"
Added Component: Designator=D4(ONSC-TSOP-6-318G-02_V)
Add component (AddParameter): Name = "ComponentLink1Description"; Value = "Manufacturer URL"; VariantName = "[No Variations]"
Add component (AddParameter): Name = "ComponentLink1URL"; Value = "http://www.onsemi.com/"; VariantName = "[No Variations]"
Add component (AddParameter): Name = "ComponentLink2Description"; Value = "Datasheet"; VariantName = "[No Variations]"
Add component (AddParameter): Name = "ComponentLink2URL"; Value = "http://www.onsemi.cn/pub_link/Collateral/NUP2114-D.PDF"; VariantName = "[No Variations]"
Add component (AddParameter): Name = "ComponentLink3Description"; Value = "Package Specification"; VariantName = "[No Variations]"
Add component (AddParameter): Name = "ComponentLink3URL"; Value = "http://www.onsemi.com/pub_link/Collateral/318G-02.PDF"; VariantName = "[No Variations]"
Add component (AddParameter): Name = "DatasheetVersion"; Value = "Rev. 1"; VariantName = "[No Variations]"
Add component (AddParameter): Name = "Direction"; Value = "Unidirectional"; VariantName = "[No Variations]"
Add component (AddParameter): Name = "IR Max (uA)"; Value = "1"; VariantName = "[No Variations]"
Add component (AddParameter): Name = "Manufacturer"; Value = "On Semiconductor"; VariantName = "[No Variations]"
Add component (AddParameter): Name = "Mounting Technology"; Value = "Surface Mount"; VariantName = "[No Variations]"
Add component (AddParameter): Name = "Number of Lines"; Value = "2"; VariantName = "[No Variations]"
Add component (AddParameter): Name = "PackageDescription"; Value = "6-Pin Small Outline Package, Body 3 x 1.5 mm, Pitch 0.95 mm"; VariantName = "[No Variations]"
Add component (AddParameter): Name = "PackageReference"; Value = "TSOP-6-318G-02"; VariantName = "[No Variations]"
Add component (AddParameter): Name = "PackageVersion"; Value = "Rev. V, 06/2012"; VariantName = "[No Variations]"
Add component (AddParameter): Name = "Packing"; Value = "Tape and Reel"; VariantName = "[No Variations]"
Add component (AddParameter): Name = "PartNumber"; Value = "SNUP2114UCMR6T1G"; VariantName = "[No Variations]"
Add component (AddParameter): Name = "RoHS"; Value = "Pb-Free"; VariantName = "[No Variations]"
Add component (AddParameter): Name = "V(BR) Min (V)"; Value = "5.5"; VariantName = "[No Variations]"
Add component (AddParameter): Name = "VRWM Max (V)"; Value = "5"; VariantName = "[No Variations]"
Added Component: Designator=R1(RESC0402)
Added Component: Designator=R18(CAPC1508X03N)
Added Pin To Net: NetName=GND Pin=C1-1
Added Pin To Net: NetName=NetD1_2 Pin=C1-2
Added Pin To Net: NetName=NetD1_2 Pin=C2-2
Added Pin To Net: NetName=NetD1_2 Pin=C3-+
Added Pin To Net: NetName=GND Pin=C3--
Added Pin To Net: NetName=CAPC_EN Pin=C4-1
Added Pin To Net: NetName=GND Pin=C4-2
Added Pin To Net: NetName=NetC3_2 Pin=C5-2
Added Pin To Net: NetName=V_CAP Pin=C6-+
Added Pin To Net: NetName=GND Pin=C6--
Added Pin To Net: NetName=V_CAP Pin=C7-2
Added Pin To Net: NetName=CHARGE_EN Pin=C10-2
Added Pin To Net: NetName=V_CAP Pin=C11-2
Added Pin To Net: NetName=Gate2 Pin=C14-2
Added Pin To Net: NetName=Gate1 Pin=C15-2
Added Pin To Net: NetName=V_CAP Pin=C16-2
Added Pin To Net: NetName=VUSB Pin=C21-2
Added Pin To Net: NetName=GND Pin=C25-1
Added Pin To Net: NetName=3V3 Pin=C25-2
Added Pin To Net: NetName=VUSB Pin=C26-1
Added Pin To Net: NetName=GND Pin=C26-2
Added Pin To Net: NetName=GND Pin=C27-1
Added Pin To Net: NetName=3V3 Pin=C28-2
Added Pin To Net: NetName=3V3 Pin=C29-2
Added Pin To Net: NetName=PWR Pin=D1-2
Added Pin To Net: NetName=USB_P Pin=D4-1
Added Pin To Net: NetName=GND Pin=D4-2
Added Pin To Net: NetName=VUSB Pin=D4-5
Added Pin To Net: NetName=USB_N Pin=D4-6
Added Pin To Net: NetName=GND Pin=D5-1
Added Pin To Net: NetName=SW_DIO Pin=D5-2
Added Pin To Net: NetName=SW_CLK Pin=D6-2
Added Pin To Net: NetName=3V3 Pin=D7-2
Added Pin To Net: NetName=SW_NRST Pin=D8-2
Added Pin To Net: NetName=GND Pin=J1-1
Added Pin To Net: NetName=NetD1_2 Pin=J1-2
Added Pin To Net: NetName=CAP Pin=J2-1
Added Pin To Net: NetName=Gate2 Pin=J2-3
Added Pin To Net: NetName=GND Pin=J2-4
Added Pin To Net: NetName=Gate1 Pin=J2-5
Added Pin To Net: NetName=VUSB Pin=J3-1
Added Pin To Net: NetName=USB_N Pin=J3-2
Added Pin To Net: NetName=USB_P Pin=J3-3
Added Pin To Net: NetName=GND Pin=J3-5
Added Pin To Net: NetName=GND Pin=J3-S
Added Pin To Net: NetName=GND Pin=J3-S
Added Pin To Net: NetName=GND Pin=J3-S
Added Pin To Net: NetName=GND Pin=J3-S
Added Pin To Net: NetName=GND Pin=J3-S
Added Pin To Net: NetName=GND Pin=J3-S
Added Pin To Net: NetName=3V3 Pin=J4-1
Added Pin To Net: NetName=SW_NRST Pin=J4-3
Added Pin To Net: NetName=SW_CLK Pin=J4-4
Added Pin To Net: NetName=SW_DIO Pin=J4-5
Added Pin To Net: NetName=PWR Pin=L1-2
Added Pin To Net: NetName=GND Pin=Q1-4
Added Pin To Net: NetName=VUSB Pin=Q2-3
Added Pin To Net: NetName=VUSB Pin=Q2-4
Added Pin To Net: NetName=NetC12_1 Pin=R2-1
Added Pin To Net: NetName=V_CAP Pin=R2-2
Added Pin To Net: NetName=GND Pin=R3-1
Added Pin To Net: NetName=GND Pin=R4-1
Added Pin To Net: NetName=NetC13_2 Pin=R5-1
Added Pin To Net: NetName=NetC12_2 Pin=R5-2
Added Pin To Net: NetName=GND Pin=R6-1
Added Pin To Net: NetName=GND Pin=R7-1
Added Pin To Net: NetName=GND Pin=R9-1
Added Pin To Net: NetName=NetC12_1 Pin=R9-2
Added Pin To Net: NetName=SNS_VCAP Pin=R10-1
Added Pin To Net: NetName=CAP Pin=R10-2
Added Pin To Net: NetName=GND Pin=R11-1
Added Pin To Net: NetName=SNS_VCAP Pin=R11-2
Added Pin To Net: NetName=RESET Pin=R12-1
Added Pin To Net: NetName=SW_NRST Pin=R12-2
Added Pin To Net: NetName=USB_P Pin=R13-1
Added Pin To Net: NetName=USB_N Pin=R14-1
Added Pin To Net: NetName=SCL Pin=R15-1
Added Pin To Net: NetName=3V3 Pin=R15-2
Added Pin To Net: NetName=SCL Pin=R17-1
Added Pin To Net: NetName=3V3 Pin=R17-2
Added Pin To Net: NetName=SDA Pin=R18-1
Added Pin To Net: NetName=3V3 Pin=R18-2
Added Pin To Net: NetName=NetD1_2 Pin=TP1-1
Added Pin To Net: NetName=CAPC_EN Pin=TP2-1
Added Pin To Net: NetName=V_CAP Pin=TP4-1
Added Pin To Net: NetName=CAP Pin=TP5-1
Added Pin To Net: NetName=Gate2 Pin=TP6-1
Added Pin To Net: NetName=Gate1 Pin=TP7-1
Added Pin To Net: NetName=3V3 Pin=TP8-1
Added Pin To Net: NetName=NetD1_2 Pin=U1-3
Added Pin To Net: NetName=NetD1_2 Pin=U1-4
Added Pin To Net: NetName=NetR3_2 Pin=U2-2
Added Pin To Net: NetName=VUSB Pin=U6-1
Added Pin To Net: NetName=GND Pin=U6-2
Added Pin To Net: NetName=VUSB Pin=U6-5
Added Pin To Net: NetName=3V3 Pin=U8-1
Added Pin To Net: NetName=SCL Pin=U8-2
Added Pin To Net: NetName=SDA Pin=U8-3
Added Pin To Net: NetName=3V3 Pin=U8-5
Added Pin To Net: NetName=IMU_INT Pin=U8-6
Added Pin To Net: NetName=GND Pin=U8-7
Added Pin To Net: NetName=GND Pin=U8-8
Added Pin To Net: NetName=GND Pin=U8-9
Added Pin To Net: NetName=GND Pin=U8-10
Added Pin To Net: NetName=GND Pin=U8-11
Added Pin To Net: NetName=GND Pin=U8-12
Added Pin To Net: NetName=GND Pin=U8-13
Added Pin To Net: NetName=GND Pin=U8-15
Added Pin To Net: NetName=3V3 Pin=U8-16
Change Net Name : Old Net Name=NetC3_2 New Net Name=NetC5_2
Change Net Name : Old Net Name=NetD1_2 New Net Name=PWR
Change Net Name : Old Net Name=PWR New Net Name=NetD1_2
Added Pin To Net: NetName=NetC5_1 Pin=C5-1
Added Pin To Net: NetName=NetC5_1 Pin=U1-2
Added Net: Name=NetC5_1
Added Pin To Net: NetName=NetC8_2 Pin=C8-2
Added Pin To Net: NetName=NetC8_2 Pin=R1-2
Added Pin To Net: NetName=NetC8_2 Pin=U1-6
Added Net: Name=NetC8_2
Added Pin To Net: NetName=NetC9_2 Pin=C9-2
Added Pin To Net: NetName=NetC9_2 Pin=U1-10
Added Net: Name=NetC9_2
Added Pin To Net: NetName=NetC17_2 Pin=C17-2
Added Pin To Net: NetName=NetC17_2 Pin=U4-17
Added Pin To Net: NetName=NetC17_2 Pin=X1-1
Added Net: Name=NetC17_2
Added Pin To Net: NetName=NetC18_2 Pin=C18-2
Added Pin To Net: NetName=NetC18_2 Pin=U4-18
Added Pin To Net: NetName=NetC18_2 Pin=X1-2
Added Net: Name=NetC18_2
Added Pin To Net: NetName=NetC19_2 Pin=C19-2
Added Pin To Net: NetName=NetC19_2 Pin=U6-3
Added Net: Name=NetC19_2
Added Pin To Net: NetName=NetC27_2 Pin=C27-2
Added Pin To Net: NetName=NetC27_2 Pin=U8-14
Added Net: Name=NetC27_2
Added Pin To Net: NetName=NetD4_3 Pin=D4-3
Added Net: Name=NetD4_3
Added Pin To Net: NetName=NetD4_4 Pin=D4-4
Added Net: Name=NetD4_4
Added Pin To Net: NetName=NetJ3_4 Pin=J3-4
Added Net: Name=NetJ3_4
Added Pin To Net: NetName=NetQ1_3 Pin=Q1-3
Added Pin To Net: NetName=NetQ1_3 Pin=R8-2
Added Pin To Net: NetName=NetQ1_3 Pin=U1-20
Added Net: Name=NetQ1_3
Added Pin To Net: NetName=NetR1_1 Pin=R1-1
Added Pin To Net: NetName=NetR1_1 Pin=R7-2
Added Pin To Net: NetName=NetR1_1 Pin=U1-7
Added Pin To Net: NetName=NetR1_1 Pin=U1-18
Added Net: Name=NetR1_1
Added Pin To Net: NetName=NetR4_2 Pin=R4-2
Added Pin To Net: NetName=NetR4_2 Pin=U1-13
Added Net: Name=NetR4_2
Added Pin To Net: NetName=NetR6_2 Pin=R6-2
Added Pin To Net: NetName=NetR6_2 Pin=U1-9
Added Net: Name=NetR6_2
Added Pin To Net: NetName=NetR13_2 Pin=R13-2
Added Pin To Net: NetName=NetR13_2 Pin=U4-35
Added Net: Name=NetR13_2
Added Pin To Net: NetName=NetR14_2 Pin=R14-2
Added Pin To Net: NetName=NetR14_2 Pin=U4-34
Added Net: Name=NetR14_2
Added Pin To Net: NetName=NetTP3_1 Pin=TP3-1
Added Pin To Net: NetName=NetTP3_1 Pin=U1-15
Added Net: Name=NetTP3_1
Added Pin To Net: NetName=NetU1_19 Pin=U1-19
Added Net: Name=NetU1_19
Added Pin To Net: NetName=NetU4_3 Pin=U4-3
Added Net: Name=NetU4_3
Added Pin To Net: NetName=NetU4_4 Pin=U4-4
Added Net: Name=NetU4_4
Added Pin To Net: NetName=NetU4_5 Pin=U4-5
Added Net: Name=NetU4_5
Added Pin To Net: NetName=NetU4_6 Pin=U4-6
Added Net: Name=NetU4_6
Added Pin To Net: NetName=NetU4_7 Pin=U4-7
Added Net: Name=NetU4_7
Added Pin To Net: NetName=NetU4_8 Pin=U4-8
Added Net: Name=NetU4_8
Added Pin To Net: NetName=NetU4_9 Pin=U4-9
Added Net: Name=NetU4_9
Added Pin To Net: NetName=NetU4_10 Pin=U4-10
Added Net: Name=NetU4_10
Added Pin To Net: NetName=NetU4_11 Pin=U4-11
Added Net: Name=NetU4_11
Added Pin To Net: NetName=NetU4_13 Pin=U4-13
Added Net: Name=NetU4_13
Added Pin To Net: NetName=NetU4_14 Pin=U4-14
Added Net: Name=NetU4_14
Added Pin To Net: NetName=NetU4_16 Pin=U4-16
Added Net: Name=NetU4_16
Added Pin To Net: NetName=NetU4_23 Pin=U4-23
Added Net: Name=NetU4_23
Added Pin To Net: NetName=NetU4_24 Pin=U4-24
Added Net: Name=NetU4_24
Added Pin To Net: NetName=NetU4_25 Pin=U4-25
Added Net: Name=NetU4_25
Added Pin To Net: NetName=NetU4_26 Pin=U4-26
Added Net: Name=NetU4_26
Added Pin To Net: NetName=NetU4_31 Pin=U4-31
Added Net: Name=NetU4_31
Added Pin To Net: NetName=NetU4_41 Pin=U4-41
Added Net: Name=NetU4_41
Added Pin To Net: NetName=NetU4_43 Pin=U4-43
Added Net: Name=NetU4_43
Added Pin To Net: NetName=NetU4_44 Pin=U4-44
Added Net: Name=NetU4_44
Added Pin To Net: NetName=NetU4_45 Pin=U4-45
Added Net: Name=NetU4_45
Added Pin To Net: NetName=NetU4_46 Pin=U4-46
Added Net: Name=NetU4_46
Added Pin To Net: NetName=NetU4_47 Pin=U4-47
Added Net: Name=NetU4_47
Added Pin To Net: NetName=NetU4_48 Pin=U4-48
Added Net: Name=NetU4_48
Added Pin To Net: NetName=NetU4_49 Pin=U4-49
Added Net: Name=NetU4_49
Added Pin To Net: NetName=NetU4_50 Pin=U4-50
Added Net: Name=NetU4_50
Added Pin To Net: NetName=NetU4_52 Pin=U4-52
Added Net: Name=NetU4_52
Added Pin To Net: NetName=NetU4_54 Pin=U4-54
Added Net: Name=NetU4_54
Added Pin To Net: NetName=NetU4_56 Pin=U4-56
Added Net: Name=NetU4_56
Added Pin To Net: NetName=NetU4_58 Pin=U4-58
Added Net: Name=NetU4_58
Added Pin To Net: NetName=NetU4_59 Pin=U4-59
Added Net: Name=NetU4_59
Added Pin To Net: NetName=NetU4_60 Pin=U4-60
Added Net: Name=NetU4_60
Added Pin To Net: NetName=NetU4_61 Pin=U4-61
Added Net: Name=NetU4_61
Added Pin To Net: NetName=NetU5_3 Pin=U5-3
Added Net: Name=NetU5_3
Added Pin To Net: NetName=NetU5_7 Pin=U5-7
Added Net: Name=NetU5_7
Added Pin To Net: NetName=NetU7_5 Pin=U7-5
Added Net: Name=NetU7_5
Added Pin To Net: NetName=NetU7_6 Pin=U7-6
Added Net: Name=NetU7_6
Added Class: Name=Sheet3
Added Class: Name=Sheet4
Added Differential Pair: Name=USB
Added Class: Name=USB
