Change Component Footprint: Designator=J4 Old Footprint=2355172-5 New Footprint=JST XH B5B-XH-A
Change Component Footprint: Designator=C2 Old Footprint=CAPC1210X15N New Footprint=CAPC1508X03N
Change Component Footprint: Designator=C7 Old Footprint=CAPC1210X15N New Footprint=CAPC1508X03N
Change Component Footprint: Designator=C5 Old Footprint=CAPC1508X03N New Footprint=CAPC1210X15N
Change Component Footprint: Designator=C14 Old Footprint=CAPC1508X03N New Footprint=CAPC1210X15N
Change Component Footprint: Designator=C1 Old Footprint=CAPC1508X03N New Footprint=Dia 6.3mm
Change Component Footprint: Designator=C4 Old Footprint=CAPC1508X03N New Footprint=Dia 6.3mm
Change Component Footprint: Designator=C9 Old Footprint=CAPC1508X03N New Footprint=RESC0402
Change Component Footprint: Designator=C19 Old Footprint=CAPC1508X03N New Footprint=RESC0402
Change Component Footprint: Designator=C20 Old Footprint=CAPC1508X03N New Footprint=RESC0402
Change Component Footprint: Designator=C21 Old Footprint=CAPC1508X03N New Footprint=RESC0402
Change Component Footprint: Designator=C26 Old Footprint=CAPC1508X03N New Footprint=RESC0402
Change Component Footprint: Designator=R2 Old Footprint=CAPC1508X03N New Footprint=RESC0402
Change Component Footprint: Designator=R4 Old Footprint=CAPC1508X03N New Footprint=RESC0402
Change Component Footprint: Designator=R12 Old Footprint=CAPC1508X03N New Footprint=RESC0402
Change Component Footprint: Designator=R17 Old Footprint=CAPC1508X03N New Footprint=RESC0402
Change Component Footprint: Designator=C3 Old Footprint=Dia 6.3mm New Footprint=CAPC1508X03N
Change Component Footprint: Designator=C6 Old Footprint=Dia 6.3mm New Footprint=RESC0402
Change Component Footprint: Designator=J3 Old Footprint=FCI USB 10118193-0001LF New Footprint=JST XH B2B-XH-A
Change Component Footprint: Designator=J1 Old Footprint=JST XH B2B-XH-A New Footprint=FCI USB 10118193-0001LF
Change Component Footprint: Designator=J2 Old Footprint=JST XH B5B-XH-A New Footprint=2355172-5
Change Component Footprint: Designator=U8 Old Footprint=LGA16_I62_IVS New Footprint=SOT23-5
Change Component Footprint: Designator=C10 Old Footprint=RESC0402 New Footprint=CAPC1508X03N
Change Component Footprint: Designator=C11 Old Footprint=RESC0402 New Footprint=CAPC1508X03N
Change Component Footprint: Designator=C17 Old Footprint=RESC0402 New Footprint=CAPC1508X03N
Change Component Footprint: Designator=C18 Old Footprint=RESC0402 New Footprint=CAPC1508X03N
Change Component Footprint: Designator=C25 Old Footprint=RESC0402 New Footprint=CAPC1508X03N
Change Component Footprint: Designator=C27 Old Footprint=RESC0402 New Footprint=CAPC1508X03N
Change Component Footprint: Designator=R7 Old Footprint=RESC0402 New Footprint=CAPC1508X03N
Change Component Footprint: Designator=R10 Old Footprint=RESC0402 New Footprint=CAPC1508X03N
Change Component Footprint: Designator=R11 Old Footprint=RESC0402 New Footprint=CAPC1508X03N
Change Component Footprint: Designator=R14 Old Footprint=RESC0402 New Footprint=CAPC1508X03N
Change Component Footprint: Designator=R15 Old Footprint=RESC0402 New Footprint=CAPC1508X03N
Change Component Footprint: Designator=D5 Old Footprint=SOD323 New Footprint=ONSC-TSOP-6-318G-02_V
Change Component Footprint: Designator=U6 Old Footprint=SOT23-5 New Footprint=LGA16_I62_IVS
Change Component Footprint: Designator=TP2 Old Footprint=TP2 New Footprint=TP
Change Component Footprint: Designator=TP3 Old Footprint=TP2 New Footprint=TP
Change Component Footprint: Designator=TP7 Old Footprint=TP2 New Footprint=TP
Change Component Footprint: Designator=TP1 Old Footprint=TP New Footprint=TP2
Change Component Footprint: Designator=TP4 Old Footprint=TP New Footprint=TP2
Change Component Footprint: Designator=TP5 Old Footprint=TP New Footprint=TP2
Change Component Comment: Designator=C11 Old Comment=0.1uF New Comment=1uF
Change Component Comment: Designator=C25 Old Comment=0.1uF New Comment=4.7uF
Change Component Comment: Designator=C28 Old Comment=0.1uF New Comment=9pF
Change Component Comment: Designator=C29 Old Comment=0.1uF New Comment=9pF
Change Component Comment: Designator=C10 Old Comment=0.1uF New Comment=10nF
Change Component Comment: Designator=C4 Old Comment=0.1uF New Comment=220uF
Change Component Comment: Designator=C5 Old Comment=0.22uF New Comment=47uF
Change Component Comment: Designator=C22 Old Comment=0.47uF New Comment=0.1uF
Change Component Comment: Designator=C14 Old Comment=0.47uF New Comment=47uF
Change Component Comment: Designator=C8 Old Comment=1uF New Comment=0.1uF
Change Component Comment: Designator=C20 Old Comment=1uF New Comment=0.1uF
Change Component Comment: Designator=C21 Old Comment=1uF New Comment=0.1uF
Change Component Comment: Designator=C9 Old Comment=4.7uF New Comment=0.1uF
Change Component Comment: Designator=C26 Old Comment=4.7uF New Comment=0.1uF
Change Component Comment: Designator=C1 Old Comment=4.7uF New Comment=220uF
Change Component Comment: Designator=R11 Old Comment=4.99kOhm New Comment=10kOhm
Change Component Comment: Designator=R10 Old Comment=4.99kOhm New Comment=160kOhm
Change Component Comment: Designator=R8 Old Comment=4.99kOhm New Comment=250kOhm
Change Component Comment: Designator=C17 Old Comment=9pF New Comment=0.47uF
Change Component Comment: Designator=C18 Old Comment=9pF New Comment=1uF
Change Component Comment: Designator=R9 Old Comment=10.7kOhm New Comment=160kOhm
Change Component Comment: Designator=R15 Old Comment=10kOhm New Comment=10.7kOhm
Change Component Comment: Designator=R17 Old Comment=10kOhm New Comment=27 Ohm
Change Component Comment: Designator=C19 Old Comment=10nF New Comment=0.47uF
Change Component Comment: Designator=R7 Old Comment=15kOhm New Comment=10kOhm
Change Component Comment: Designator=R14 Old Comment=27 Ohm New Comment=4.99kOhm
Change Component Comment: Designator=R13 Old Comment=27 Ohm New Comment=15kOhm
Change Component Comment: Designator=R2 Old Comment=29.4kOhm New Comment=301kOhm
Change Component Comment: Designator=C2 Old Comment=47uF New Comment=4.7uF
Change Component Comment: Designator=C7 Old Comment=47uF New Comment=4.7uF
Change Component Comment: Designator=R12 Old Comment=100 Ohm New Comment=10kOhm
Change Component Comment: Designator=R5 Old Comment=160kOhm New Comment=29.4kOhm
Change Component Comment: Designator=R6 Old Comment=160kOhm New Comment=100 Ohm
Change Component Comment: Designator=C3 Old Comment=220uF New Comment=0.22uF
Change Component Comment: Designator=C6 Old Comment=220uF New Comment=1uF
Change Component Comment: Designator=R4 Old Comment=250kOhm New Comment=100kOhm
Change Component Comment: Designator=R3 Old Comment=301kOhm New Comment=27 Ohm
Change Component Comment: Designator=J4 Old Comment=2355172-5 New Comment=B5B-XH-A(LF)(SN)
Change Component Comment: Designator=J3 Old Comment==Part Number New Comment=B2B-XH-A(LF)(SN)
Change Component Comment: Designator=Q1 Old Comment=AO6420 New Comment=IRLMS6702TRPBF
Change Component Comment: Designator=J1 Old Comment==Part Number New Comment=10118193-0001LF
Change Component Comment: Designator=J2 Old Comment==Part Number New Comment=2355172-5
Change Component Comment: Designator=D5 Old Comment==Part Number New Comment=SNUP2114UCMR6T1G
Change Component Comment: Designator=U8 Old Comment=ICM-20602 New Comment=NJM2871BF33-TE1
Change Component Comment: Designator=Q2 Old Comment=IRLMS6702TRPBF New Comment=AO6420
Change Component Comment: Designator=U6 Old Comment=NJM2871BF33-TE1 New Comment=ICM-20602
Change Pin Designator/Name:  Old Designator=C25-1 Old Name=1 New Designator =2 New Name=2
Change Pin Designator/Name:  Old Designator=C26-2 Old Name=2 New Designator =1 New Name=1
Change Pin Designator/Name:  Old Designator=C27-1 Old Name=1 New Designator =2 New Name=2
Change Pin Designator/Name:  Old Designator=D5-1 Old Name=1 New Designator =2 New Name=2
Change Pin Designator/Name:  Old Designator=J3-5 Old Name=GND New Designator =VCC New Name=1
Change Pin Designator/Name:  Old Designator=U8-7 Old Name=RESV New Designator =SCL/SPC New Name=2
