Removed Pin From Net: NetName=SNS_VCAP Pin=R21-1
Removed Pin From Net: NetName=CAP Pin=R21-2
Removed Pin From Net: NetName=SNS_VCAP Pin=R23-2
Change Component Footprint: Designator=R23 Old Footprint=RESC0402 New Footprint=RESC3216X05N
Change Component Comment : Designator=R21 Old Comment=4.99kOhm New Comment=R-G-0402
Change Component Comment : Designator=R23 Old Comment=4.99kOhm New Comment=R-G-1206
Added Component: Designator=C32(RESC0402)
Added Component: Designator=R24(RESC0402)
Added Component: Designator=R25(RESC0402)
Added Component: Designator=U9(SOIC-8)
Added Pin To Net: NetName=GND Pin=C32-1
Added Pin To Net: NetName=3V3 Pin=C32-2
Added Pin To Net: NetName=3V3 Pin=R21-2
Added Pin To Net: NetName=CAP Pin=R24-2
Added Pin To Net: NetName=GND Pin=R25-1
Added Pin To Net: NetName=GND Pin=U9-4
Added Pin To Net: NetName=SNS_VCAP Pin=U9-6
Added Pin To Net: NetName=SNS_VCAP Pin=U9-7
Added Pin To Net: NetName=3V3 Pin=U9-8
Added Pin To Net: NetName=NetR21_1 Pin=R21-1
Added Pin To Net: NetName=NetR21_1 Pin=R23-2
Added Pin To Net: NetName=NetR21_1 Pin=U9-3
Added Net: Name=NetR21_1
Added Pin To Net: NetName=NetR24_1 Pin=R24-1
Added Pin To Net: NetName=NetR24_1 Pin=R25-2
Added Pin To Net: NetName=NetR24_1 Pin=U9-5
Added Net: Name=NetR24_1
Added Pin To Net: NetName=SNS_LIGHT Pin=U9-1
Added Pin To Net: NetName=SNS_LIGHT Pin=U9-2
Added Net: Name=SNS_LIGHT
Added Member To Class: ClassName=Sheet3 Member=Component C32 0.1uF
Added Member To Class: ClassName=Sheet3 Member=Component R24 4.99kOhm
Added Member To Class: ClassName=Sheet3 Member=Component R25 4.99kOhm
Added Member To Class: ClassName=Sheet3 Member=Component U9 TSZ182IDT
